2026-04-10 14:30:12,683 INFO o.a.j.u.JMeterUtils: Setting Locale to en_EN
2026-04-10 14:30:12,694 INFO o.a.j.JMeter: Loading user properties from: C:\Users\natan\Downloads\apache-jmeter-5.6.3\apache-jmeter-5.6.3\bin\user.properties
2026-04-10 14:30:12,694 INFO o.a.j.JMeter: Loading system properties from: C:\Users\natan\Downloads\apache-jmeter-5.6.3\apache-jmeter-5.6.3\bin\system.properties
2026-04-10 14:30:12,698 INFO o.a.j.JMeter: Copyright (c) 1998-2024 The Apache Software Foundation
2026-04-10 14:30:12,698 INFO o.a.j.JMeter: Version 5.6.3
2026-04-10 14:30:12,698 INFO o.a.j.JMeter: java.version=25.0.2
2026-04-10 14:30:12,698 INFO o.a.j.JMeter: java.vm.name=OpenJDK 64-Bit Server VM
2026-04-10 14:30:12,698 INFO o.a.j.JMeter: os.name=Windows 11
2026-04-10 14:30:12,698 INFO o.a.j.JMeter: os.arch=amd64
2026-04-10 14:30:12,698 INFO o.a.j.JMeter: os.version=10.0
2026-04-10 14:30:12,698 INFO o.a.j.JMeter: file.encoding=UTF-8
2026-04-10 14:30:12,698 INFO o.a.j.JMeter: java.awt.headless=true
2026-04-10 14:30:12,698 INFO o.a.j.JMeter: Max memory     =1073741824
2026-04-10 14:30:12,698 INFO o.a.j.JMeter: Available Processors =12
2026-04-10 14:30:12,707 INFO o.a.j.JMeter: Default Locale=English (EN)
2026-04-10 14:30:12,707 INFO o.a.j.JMeter: JMeter  Locale=English (EN)
2026-04-10 14:30:12,707 INFO o.a.j.JMeter: JMeterHome=C:\Users\natan\Downloads\apache-jmeter-5.6.3\apache-jmeter-5.6.3
2026-04-10 14:30:12,707 INFO o.a.j.JMeter: user.dir  =C:\Users\natan\OneDrive\Desktop\blazedemo-performance-test
2026-04-10 14:30:12,707 INFO o.a.j.JMeter: PWD       =C:\Users\natan\OneDrive\Desktop\blazedemo-performance-test
2026-04-10 14:30:12,710 INFO o.a.j.JMeter: IP: 192.168.15.115 Name: Tampico FullName: Tampico
2026-04-10 14:30:12,717 INFO o.a.j.JMeter: Setting property 'jmeter.reportgenerator.outputdir' to:'C:\Users\natan\OneDrive\Desktop\blazedemo-performance-test\report'
2026-04-10 14:30:12,719 INFO o.a.j.s.FileServer: Default base='C:\Users\natan\OneDrive\Desktop\blazedemo-performance-test'
2026-04-10 14:30:12,719 INFO o.a.j.s.FileServer: Set new base='C:\Users\natan\OneDrive\Desktop\blazedemo-performance-test\scripts'
2026-04-10 14:30:12,875 INFO o.a.j.s.SaveService: Testplan (JMX) version: 2.2. Testlog (JTL) version: 2.2
2026-04-10 14:30:12,887 INFO o.a.j.s.SaveService: Using SaveService properties version 5.0
2026-04-10 14:30:12,889 INFO o.a.j.s.SaveService: Using SaveService properties file encoding UTF-8
2026-04-10 14:30:12,891 INFO o.a.j.s.SaveService: Loading file: scripts\TestPlan.jmx
2026-04-10 14:30:12,925 INFO o.a.j.p.h.s.HTTPSamplerBase: Parser for text/html is org.apache.jmeter.protocol.http.parser.LagartoBasedHtmlParser
2026-04-10 14:30:12,925 INFO o.a.j.p.h.s.HTTPSamplerBase: Parser for application/xhtml+xml is org.apache.jmeter.protocol.http.parser.LagartoBasedHtmlParser
2026-04-10 14:30:12,925 INFO o.a.j.p.h.s.HTTPSamplerBase: Parser for application/xml is org.apache.jmeter.protocol.http.parser.LagartoBasedHtmlParser
2026-04-10 14:30:12,925 INFO o.a.j.p.h.s.HTTPSamplerBase: Parser for text/xml is org.apache.jmeter.protocol.http.parser.LagartoBasedHtmlParser
2026-04-10 14:30:12,925 INFO o.a.j.p.h.s.HTTPSamplerBase: Parser for text/vnd.wap.wml is org.apache.jmeter.protocol.http.parser.RegexpHTMLParser
2026-04-10 14:30:12,925 INFO o.a.j.p.h.s.HTTPSamplerBase: Parser for text/css is org.apache.jmeter.protocol.http.parser.CssParser
2026-04-10 14:30:12,938 INFO o.a.j.JMeter: Creating summariser <summary>
2026-04-10 14:30:12,940 INFO o.a.j.r.d.ReportGenerator: ReportGenerator will use for Parsing the separator: ','
2026-04-10 14:30:12,940 INFO o.a.j.r.d.ReportGenerator: Will generate report at end of test from  results file: results.jtl
2026-04-10 14:30:12,940 INFO o.a.j.r.d.ReportGenerator: Reading report generator properties from: C:\Users\natan\Downloads\apache-jmeter-5.6.3\apache-jmeter-5.6.3\bin\reportgenerator.properties
2026-04-10 14:30:12,941 INFO o.a.j.r.d.ReportGenerator: Merging with JMeter properties
2026-04-10 14:30:12,943 INFO o.a.j.r.c.ReportGeneratorConfiguration: Property 'jmeter.reportgenerator.temp_dir' not found, using default value 'temp' instead.
2026-04-10 14:30:12,944 INFO o.a.j.r.c.ReportGeneratorConfiguration: Property 'jmeter.reportgenerator.apdex_per_transaction' not found, using default value 'null' instead.
2026-04-10 14:30:12,944 INFO o.a.j.r.c.ReportGeneratorConfiguration: apdex_per_transaction is empty, not APDEX per transaction customization
2026-04-10 14:30:12,944 INFO o.a.j.r.c.ReportGeneratorConfiguration: Property 'jmeter.reportgenerator.sample_filter' not found, using default value 'null' instead.
2026-04-10 14:30:12,944 INFO o.a.j.r.c.ReportGeneratorConfiguration: Property 'jmeter.reportgenerator.report_title' not found, using default value 'null' instead.
2026-04-10 14:30:12,944 INFO o.a.j.r.c.ReportGeneratorConfiguration: Property 'jmeter.reportgenerator.start_date' not found, using default value 'null' instead.
2026-04-10 14:30:12,944 INFO o.a.j.r.c.ReportGeneratorConfiguration: Property 'jmeter.reportgenerator.end_date' not found, using default value 'null' instead.
2026-04-10 14:30:12,944 INFO o.a.j.r.c.ReportGeneratorConfiguration: Property 'jmeter.reportgenerator.date_format' not found, using default value 'null' instead.
2026-04-10 14:30:12,944 INFO o.a.j.r.c.ReportGeneratorConfiguration: Will use date range start date: null, end date: null
2026-04-10 14:30:12,946 INFO o.a.j.r.c.ReportGeneratorConfiguration: Property 'jmeter.reportgenerator.graph.totalTPS.exclude_controllers' not found, using default value 'false' instead.
2026-04-10 14:30:12,946 INFO o.a.j.r.c.ReportGeneratorConfiguration: Property 'jmeter.reportgenerator.graph.activeThreadsOverTime.exclude_controllers' not found, using default value 'false' instead.
2026-04-10 14:30:12,946 INFO o.a.j.r.c.ReportGeneratorConfiguration: Property 'jmeter.reportgenerator.graph.timeVsThreads.exclude_controllers' not found, using default value 'false' instead.
2026-04-10 14:30:12,946 INFO o.a.j.r.c.ReportGeneratorConfiguration: Property 'jmeter.reportgenerator.graph.responseTimeDistribution.exclude_controllers' not found, using default value 'false' instead.
2026-04-10 14:30:12,946 INFO o.a.j.r.c.ReportGeneratorConfiguration: Property 'jmeter.reportgenerator.graph.transactionsPerSecond.exclude_controllers' not found, using default value 'false' instead.
2026-04-10 14:30:12,946 INFO o.a.j.r.c.ReportGeneratorConfiguration: Property 'jmeter.reportgenerator.graph.responseTimePercentiles.exclude_controllers' not found, using default value 'false' instead.
2026-04-10 14:30:12,946 INFO o.a.j.r.c.ReportGeneratorConfiguration: Property 'jmeter.reportgenerator.graph.responseTimePercentilesOverTime.exclude_controllers' not found, using default value 'false' instead.
2026-04-10 14:30:12,946 INFO o.a.j.r.c.ReportGeneratorConfiguration: Property 'jmeter.reportgenerator.graph.responseTimesOverTime.exclude_controllers' not found, using default value 'false' instead.
2026-04-10 14:30:12,946 INFO o.a.j.r.c.ReportGeneratorConfiguration: Property 'jmeter.reportgenerator.graph.connectTimeOverTime.exclude_controllers' not found, using default value 'false' instead.
2026-04-10 14:30:12,946 INFO o.a.j.r.c.ReportGeneratorConfiguration: Property 'jmeter.reportgenerator.graph.latenciesOverTime.exclude_controllers' not found, using default value 'false' instead.
2026-04-10 14:30:12,948 INFO o.a.j.r.c.ReportGeneratorConfiguration: Property 'jmeter.reportgenerator.exporter.json.filters_only_sample_series' not found, using default value 'true' instead.
2026-04-10 14:30:12,948 INFO o.a.j.r.c.ReportGeneratorConfiguration: Property 'jmeter.reportgenerator.exporter.json.series_filter' not found, using default value '' instead.
2026-04-10 14:30:12,948 INFO o.a.j.r.c.ReportGeneratorConfiguration: Property 'jmeter.reportgenerator.exporter.json.show_controllers_only' not found, using default value 'false' instead.
2026-04-10 14:30:12,948 INFO o.a.j.r.c.ReportGeneratorConfiguration: Property 'jmeter.reportgenerator.exporter.html.filters_only_sample_series' not found, using default value 'true' instead.
2026-04-10 14:30:12,948 INFO o.a.j.r.c.ReportGeneratorConfiguration: Property 'jmeter.reportgenerator.exporter.html.series_filter' not found, using default value '' instead.
2026-04-10 14:30:12,948 INFO o.a.j.r.c.ReportGeneratorConfiguration: Property 'jmeter.reportgenerator.exporter.html.show_controllers_only' not found, using default value 'false' instead.
2026-04-10 14:30:12,955 INFO o.a.j.e.StandardJMeterEngine: Running the test!
2026-04-10 14:30:12,955 INFO o.a.j.s.SampleEvent: List of sample_variables: []
2026-04-10 14:30:12,955 INFO o.a.j.s.SampleEvent: List of sample_variables: []
2026-04-10 14:30:12,958 INFO o.a.j.e.u.CompoundVariable: Note: Function class names must contain the string: '.functions.'
2026-04-10 14:30:12,958 INFO o.a.j.e.u.CompoundVariable: Note: Function class names must not contain the string: '.gui.'
2026-04-10 14:30:13,001 INFO o.a.j.JMeter: Running test (1775845813001)
2026-04-10 14:30:13,011 INFO o.a.j.e.StandardJMeterEngine: Starting ThreadGroup: 1 : Carga 250 RPS
2026-04-10 14:30:13,011 INFO o.a.j.e.StandardJMeterEngine: Starting 200 threads for group Carga 250 RPS.
2026-04-10 14:30:13,011 INFO o.a.j.e.StandardJMeterEngine: Thread will continue on error
2026-04-10 14:30:13,011 INFO o.a.j.t.ThreadGroup: Starting thread group... number=1 threads=200 ramp-up=20 delayedStart=false
2026-04-10 14:30:13,016 INFO o.a.j.t.JMeterThread: Thread started: Carga 250 RPS 1-1
2026-04-10 14:30:13,047 INFO o.a.j.p.h.s.HTTPHCAbstractImpl: Local host = Tampico
2026-04-10 14:30:13,051 INFO o.a.j.p.h.s.HTTPHC4Impl: HTTP request retry count = 0
2026-04-10 14:30:13,052 INFO o.a.j.s.SampleResult: Note: Sample TimeStamps are START times
2026-04-10 14:30:13,052 INFO o.a.j.s.SampleResult: sampleresult.default.encoding is set to UTF-8
2026-04-10 14:30:13,052 INFO o.a.j.s.SampleResult: sampleresult.useNanoTime=true
2026-04-10 14:30:13,052 INFO o.a.j.s.SampleResult: sampleresult.nanoThreadSleep=5000
2026-04-10 14:30:13,056 INFO o.a.j.t.ThreadGroup: Started thread group number 1
2026-04-10 14:30:13,057 INFO o.a.j.e.StandardJMeterEngine: All thread groups have been started
2026-04-10 14:30:13,109 INFO o.a.j.p.h.s.h.LazyLayeredConnectionSocketFactory: Setting up HTTPS TrustAll Socket Factory
2026-04-10 14:30:13,111 INFO o.a.j.u.JsseSSLManager: Using default SSL protocol: TLS
2026-04-10 14:30:13,112 INFO o.a.j.u.JsseSSLManager: SSL session context: per-thread
2026-04-10 14:30:13,113 INFO o.a.j.t.JMeterThread: Thread started: Carga 250 RPS 1-2
2026-04-10 14:30:13,198 INFO o.a.j.u.SSLManager: JmeterKeyStore Location:  type JKS
2026-04-10 14:30:13,199 INFO o.a.j.u.SSLManager: KeyStore created OK
2026-04-10 14:30:13,199 WARN o.a.j.u.SSLManager: Keystore file not found, loading empty keystore
2026-04-10 14:30:13,213 INFO o.a.j.t.JMeterThread: Thread started: Carga 250 RPS 1-3
2026-04-10 14:30:13,312 INFO o.a.j.t.JMeterThread: Thread started: Carga 250 RPS 1-4
2026-04-10 14:30:13,412 INFO o.a.j.t.JMeterThread: Thread started: Carga 250 RPS 1-5
2026-04-10 14:30:13,512 INFO o.a.j.t.JMeterThread: Thread started: Carga 250 RPS 1-6
2026-04-10 14:30:13,613 INFO o.a.j.t.JMeterThread: Thread started: Carga 250 RPS 1-7
2026-04-10 14:30:13,712 INFO o.a.j.t.JMeterThread: Thread started: Carga 250 RPS 1-8
2026-04-10 14:30:13,813 INFO o.a.j.t.JMeterThread: Thread started: Carga 250 RPS 1-9
2026-04-10 14:30:13,912 INFO o.a.j.t.JMeterThread: Thread started: Carga 250 RPS 1-10
2026-04-10 14:30:14,012 INFO o.a.j.t.JMeterThread: Thread started: Carga 250 RPS 1-11
2026-04-10 14:30:14,113 INFO o.a.j.t.JMeterThread: Thread started: Carga 250 RPS 1-12
2026-04-10 14:30:14,213 INFO o.a.j.t.JMeterThread: Thread started: Carga 250 RPS 1-13
2026-04-10 14:30:14,312 INFO o.a.j.t.JMeterThread: Thread started: Carga 250 RPS 1-14
2026-04-10 14:30:14,412 INFO o.a.j.t.JMeterThread: Thread started: Carga 250 RPS 1-15
2026-04-10 14:30:14,513 INFO o.a.j.t.JMeterThread: Thread started: Carga 250 RPS 1-16
2026-04-10 14:30:14,613 INFO o.a.j.t.JMeterThread: Thread started: Carga 250 RPS 1-17
2026-04-10 14:30:14,712 INFO o.a.j.t.JMeterThread: Thread started: Carga 250 RPS 1-18
2026-04-10 14:30:14,812 INFO o.a.j.t.JMeterThread: Thread started: Carga 250 RPS 1-19
2026-04-10 14:30:14,912 INFO o.a.j.t.JMeterThread: Thread started: Carga 250 RPS 1-20
2026-04-10 14:30:15,012 INFO o.a.j.t.JMeterThread: Thread started: Carga 250 RPS 1-21
2026-04-10 14:30:15,112 INFO o.a.j.t.JMeterThread: Thread started: Carga 250 RPS 1-22
2026-04-10 14:30:15,212 INFO o.a.j.t.JMeterThread: Thread started: Carga 250 RPS 1-23
2026-04-10 14:30:15,313 INFO o.a.j.t.JMeterThread: Thread started: Carga 250 RPS 1-24
2026-04-10 14:30:15,413 INFO o.a.j.t.JMeterThread: Thread started: Carga 250 RPS 1-25
2026-04-10 14:30:15,512 INFO o.a.j.t.JMeterThread: Thread started: Carga 250 RPS 1-26
2026-04-10 14:30:15,611 INFO o.a.j.t.JMeterThread: Thread started: Carga 250 RPS 1-27
2026-04-10 14:30:15,711 INFO o.a.j.t.JMeterThread: Thread started: Carga 250 RPS 1-28
2026-04-10 14:30:15,812 INFO o.a.j.t.JMeterThread: Thread started: Carga 250 RPS 1-29
2026-04-10 14:30:15,912 INFO o.a.j.t.JMeterThread: Thread started: Carga 250 RPS 1-30
2026-04-10 14:30:16,011 INFO o.a.j.t.JMeterThread: Thread started: Carga 250 RPS 1-31
2026-04-10 14:30:16,111 INFO o.a.j.t.JMeterThread: Thread started: Carga 250 RPS 1-32
2026-04-10 14:30:16,212 INFO o.a.j.t.JMeterThread: Thread started: Carga 250 RPS 1-33
2026-04-10 14:30:16,312 INFO o.a.j.t.JMeterThread: Thread started: Carga 250 RPS 1-34
2026-04-10 14:30:16,412 INFO o.a.j.t.JMeterThread: Thread started: Carga 250 RPS 1-35
2026-04-10 14:30:16,512 INFO o.a.j.t.JMeterThread: Thread started: Carga 250 RPS 1-36
2026-04-10 14:30:16,612 INFO o.a.j.t.JMeterThread: Thread started: Carga 250 RPS 1-37
2026-04-10 14:30:16,712 INFO o.a.j.t.JMeterThread: Thread started: Carga 250 RPS 1-38
2026-04-10 14:30:16,813 INFO o.a.j.t.JMeterThread: Thread started: Carga 250 RPS 1-39
2026-04-10 14:30:16,913 INFO o.a.j.t.JMeterThread: Thread started: Carga 250 RPS 1-40
2026-04-10 14:30:17,012 INFO o.a.j.t.JMeterThread: Thread started: Carga 250 RPS 1-41
2026-04-10 14:30:17,113 INFO o.a.j.t.JMeterThread: Thread started: Carga 250 RPS 1-42
2026-04-10 14:30:17,212 INFO o.a.j.t.JMeterThread: Thread started: Carga 250 RPS 1-43
2026-04-10 14:30:17,311 INFO o.a.j.t.JMeterThread: Thread started: Carga 250 RPS 1-44
2026-04-10 14:30:17,411 INFO o.a.j.t.JMeterThread: Thread started: Carga 250 RPS 1-45
2026-04-10 14:30:17,511 INFO o.a.j.t.JMeterThread: Thread started: Carga 250 RPS 1-46
2026-04-10 14:30:17,613 INFO o.a.j.t.JMeterThread: Thread started: Carga 250 RPS 1-47
2026-04-10 14:30:17,712 INFO o.a.j.t.JMeterThread: Thread started: Carga 250 RPS 1-48
2026-04-10 14:30:17,812 INFO o.a.j.t.JMeterThread: Thread started: Carga 250 RPS 1-49
2026-04-10 14:30:17,913 INFO o.a.j.t.JMeterThread: Thread started: Carga 250 RPS 1-50
2026-04-10 14:30:18,012 INFO o.a.j.t.JMeterThread: Thread started: Carga 250 RPS 1-51
2026-04-10 14:30:18,112 INFO o.a.j.t.JMeterThread: Thread started: Carga 250 RPS 1-52
2026-04-10 14:30:18,212 INFO o.a.j.t.JMeterThread: Thread started: Carga 250 RPS 1-53
2026-04-10 14:30:18,313 INFO o.a.j.t.JMeterThread: Thread started: Carga 250 RPS 1-54
2026-04-10 14:30:18,412 INFO o.a.j.t.JMeterThread: Thread started: Carga 250 RPS 1-55
2026-04-10 14:30:18,512 INFO o.a.j.t.JMeterThread: Thread started: Carga 250 RPS 1-56
2026-04-10 14:30:18,612 INFO o.a.j.t.JMeterThread: Thread started: Carga 250 RPS 1-57
2026-04-10 14:30:18,712 INFO o.a.j.t.JMeterThread: Thread started: Carga 250 RPS 1-58
2026-04-10 14:30:18,813 INFO o.a.j.t.JMeterThread: Thread started: Carga 250 RPS 1-59
2026-04-10 14:30:18,913 INFO o.a.j.t.JMeterThread: Thread started: Carga 250 RPS 1-60
2026-04-10 14:30:19,011 INFO o.a.j.t.JMeterThread: Thread started: Carga 250 RPS 1-61
2026-04-10 14:30:19,112 INFO o.a.j.t.JMeterThread: Thread started: Carga 250 RPS 1-62
2026-04-10 14:30:19,211 INFO o.a.j.t.JMeterThread: Thread started: Carga 250 RPS 1-63
2026-04-10 14:30:19,312 INFO o.a.j.t.JMeterThread: Thread started: Carga 250 RPS 1-64
2026-04-10 14:30:19,413 INFO o.a.j.t.JMeterThread: Thread started: Carga 250 RPS 1-65
2026-04-10 14:30:19,511 INFO o.a.j.t.JMeterThread: Thread started: Carga 250 RPS 1-66
2026-04-10 14:30:19,611 INFO o.a.j.t.JMeterThread: Thread started: Carga 250 RPS 1-67
2026-04-10 14:30:19,712 INFO o.a.j.t.JMeterThread: Thread started: Carga 250 RPS 1-68
2026-04-10 14:30:19,812 INFO o.a.j.t.JMeterThread: Thread started: Carga 250 RPS 1-69
2026-04-10 14:30:19,914 INFO o.a.j.t.JMeterThread: Thread started: Carga 250 RPS 1-70
2026-04-10 14:30:20,013 INFO o.a.j.t.JMeterThread: Thread started: Carga 250 RPS 1-71
2026-04-10 14:30:20,113 INFO o.a.j.t.JMeterThread: Thread started: Carga 250 RPS 1-72
2026-04-10 14:30:20,213 INFO o.a.j.t.JMeterThread: Thread started: Carga 250 RPS 1-73
2026-04-10 14:30:20,313 INFO o.a.j.t.JMeterThread: Thread started: Carga 250 RPS 1-74
2026-04-10 14:30:20,412 INFO o.a.j.t.JMeterThread: Thread started: Carga 250 RPS 1-75
2026-04-10 14:30:20,513 INFO o.a.j.t.JMeterThread: Thread started: Carga 250 RPS 1-76
2026-04-10 14:30:20,613 INFO o.a.j.t.JMeterThread: Thread started: Carga 250 RPS 1-77
2026-04-10 14:30:20,712 INFO o.a.j.t.JMeterThread: Thread started: Carga 250 RPS 1-78
2026-04-10 14:30:20,812 INFO o.a.j.t.JMeterThread: Thread started: Carga 250 RPS 1-79
2026-04-10 14:30:20,912 INFO o.a.j.t.JMeterThread: Thread started: Carga 250 RPS 1-80
2026-04-10 14:30:21,013 INFO o.a.j.t.JMeterThread: Thread started: Carga 250 RPS 1-81
2026-04-10 14:30:21,112 INFO o.a.j.t.JMeterThread: Thread started: Carga 250 RPS 1-82
2026-04-10 14:30:21,211 INFO o.a.j.t.JMeterThread: Thread started: Carga 250 RPS 1-83
2026-04-10 14:30:21,312 INFO o.a.j.t.JMeterThread: Thread started: Carga 250 RPS 1-84
2026-04-10 14:30:21,412 INFO o.a.j.t.JMeterThread: Thread started: Carga 250 RPS 1-85
2026-04-10 14:30:21,513 INFO o.a.j.t.JMeterThread: Thread started: Carga 250 RPS 1-86
2026-04-10 14:30:21,611 INFO o.a.j.t.JMeterThread: Thread started: Carga 250 RPS 1-87
2026-04-10 14:30:21,711 INFO o.a.j.t.JMeterThread: Thread started: Carga 250 RPS 1-88
2026-04-10 14:30:21,812 INFO o.a.j.t.JMeterThread: Thread started: Carga 250 RPS 1-89
2026-04-10 14:30:21,911 INFO o.a.j.t.JMeterThread: Thread started: Carga 250 RPS 1-90
2026-04-10 14:30:22,012 INFO o.a.j.t.JMeterThread: Thread started: Carga 250 RPS 1-91
2026-04-10 14:30:22,112 INFO o.a.j.t.JMeterThread: Thread started: Carga 250 RPS 1-92
2026-04-10 14:30:22,211 INFO o.a.j.t.JMeterThread: Thread started: Carga 250 RPS 1-93
2026-04-10 14:30:22,312 INFO o.a.j.t.JMeterThread: Thread started: Carga 250 RPS 1-94
2026-04-10 14:30:22,411 INFO o.a.j.t.JMeterThread: Thread started: Carga 250 RPS 1-95
2026-04-10 14:30:22,513 INFO o.a.j.t.JMeterThread: Thread started: Carga 250 RPS 1-96
2026-04-10 14:30:22,612 INFO o.a.j.t.JMeterThread: Thread started: Carga 250 RPS 1-97
2026-04-10 14:30:22,712 INFO o.a.j.t.JMeterThread: Thread started: Carga 250 RPS 1-98
2026-04-10 14:30:22,813 INFO o.a.j.t.JMeterThread: Thread started: Carga 250 RPS 1-99
2026-04-10 14:30:22,913 INFO o.a.j.t.JMeterThread: Thread started: Carga 250 RPS 1-100
2026-04-10 14:30:23,012 INFO o.a.j.t.JMeterThread: Thread started: Carga 250 RPS 1-101
2026-04-10 14:30:23,112 INFO o.a.j.t.JMeterThread: Thread started: Carga 250 RPS 1-102
2026-04-10 14:30:23,213 INFO o.a.j.t.JMeterThread: Thread started: Carga 250 RPS 1-103
2026-04-10 14:30:23,312 INFO o.a.j.t.JMeterThread: Thread started: Carga 250 RPS 1-104
2026-04-10 14:30:23,412 INFO o.a.j.t.JMeterThread: Thread started: Carga 250 RPS 1-105
2026-04-10 14:30:23,512 INFO o.a.j.t.JMeterThread: Thread started: Carga 250 RPS 1-106
2026-04-10 14:30:23,613 INFO o.a.j.t.JMeterThread: Thread started: Carga 250 RPS 1-107
2026-04-10 14:30:23,712 INFO o.a.j.t.JMeterThread: Thread started: Carga 250 RPS 1-108
2026-04-10 14:30:23,812 INFO o.a.j.t.JMeterThread: Thread started: Carga 250 RPS 1-109
2026-04-10 14:30:23,912 INFO o.a.j.t.JMeterThread: Thread started: Carga 250 RPS 1-110
2026-04-10 14:30:24,011 INFO o.a.j.t.JMeterThread: Thread started: Carga 250 RPS 1-111
2026-04-10 14:30:24,111 INFO o.a.j.t.JMeterThread: Thread started: Carga 250 RPS 1-112
2026-04-10 14:30:24,213 INFO o.a.j.t.JMeterThread: Thread started: Carga 250 RPS 1-113
2026-04-10 14:30:24,311 INFO o.a.j.t.JMeterThread: Thread started: Carga 250 RPS 1-114
2026-04-10 14:30:24,412 INFO o.a.j.t.JMeterThread: Thread started: Carga 250 RPS 1-115
2026-04-10 14:30:24,511 INFO o.a.j.t.JMeterThread: Thread started: Carga 250 RPS 1-116
2026-04-10 14:30:24,611 INFO o.a.j.t.JMeterThread: Thread started: Carga 250 RPS 1-117
2026-04-10 14:30:24,712 INFO o.a.j.t.JMeterThread: Thread started: Carga 250 RPS 1-118
2026-04-10 14:30:24,813 INFO o.a.j.t.JMeterThread: Thread started: Carga 250 RPS 1-119
2026-04-10 14:30:24,912 INFO o.a.j.t.JMeterThread: Thread started: Carga 250 RPS 1-120
2026-04-10 14:30:25,012 INFO o.a.j.t.JMeterThread: Thread started: Carga 250 RPS 1-121
2026-04-10 14:30:25,111 INFO o.a.j.t.JMeterThread: Thread started: Carga 250 RPS 1-122
2026-04-10 14:30:25,213 INFO o.a.j.t.JMeterThread: Thread started: Carga 250 RPS 1-123
2026-04-10 14:30:25,313 INFO o.a.j.t.JMeterThread: Thread started: Carga 250 RPS 1-124
2026-04-10 14:30:25,412 INFO o.a.j.t.JMeterThread: Thread started: Carga 250 RPS 1-125
2026-04-10 14:30:25,513 INFO o.a.j.t.JMeterThread: Thread started: Carga 250 RPS 1-126
2026-04-10 14:30:25,612 INFO o.a.j.t.JMeterThread: Thread started: Carga 250 RPS 1-127
2026-04-10 14:30:25,713 INFO o.a.j.t.JMeterThread: Thread started: Carga 250 RPS 1-128
2026-04-10 14:30:25,811 INFO o.a.j.t.JMeterThread: Thread started: Carga 250 RPS 1-129
2026-04-10 14:30:25,912 INFO o.a.j.t.JMeterThread: Thread started: Carga 250 RPS 1-130
2026-04-10 14:30:26,012 INFO o.a.j.t.JMeterThread: Thread started: Carga 250 RPS 1-131
2026-04-10 14:30:26,111 INFO o.a.j.t.JMeterThread: Thread started: Carga 250 RPS 1-132
2026-04-10 14:30:26,212 INFO o.a.j.t.JMeterThread: Thread started: Carga 250 RPS 1-133
2026-04-10 14:30:26,313 INFO o.a.j.t.JMeterThread: Thread started: Carga 250 RPS 1-134
2026-04-10 14:30:26,411 INFO o.a.j.t.JMeterThread: Thread started: Carga 250 RPS 1-135
2026-04-10 14:30:26,511 INFO o.a.j.t.JMeterThread: Thread started: Carga 250 RPS 1-136
2026-04-10 14:30:26,612 INFO o.a.j.t.JMeterThread: Thread started: Carga 250 RPS 1-137
2026-04-10 14:30:26,711 INFO o.a.j.t.JMeterThread: Thread started: Carga 250 RPS 1-138
2026-04-10 14:30:26,812 INFO o.a.j.t.JMeterThread: Thread started: Carga 250 RPS 1-139
2026-04-10 14:30:26,911 INFO o.a.j.t.JMeterThread: Thread started: Carga 250 RPS 1-140
2026-04-10 14:30:27,012 INFO o.a.j.t.JMeterThread: Thread started: Carga 250 RPS 1-141
2026-04-10 14:30:27,111 INFO o.a.j.t.JMeterThread: Thread started: Carga 250 RPS 1-142
2026-04-10 14:30:27,211 INFO o.a.j.t.JMeterThread: Thread started: Carga 250 RPS 1-143
2026-04-10 14:30:27,311 INFO o.a.j.t.JMeterThread: Thread started: Carga 250 RPS 1-144
2026-04-10 14:30:27,413 INFO o.a.j.t.JMeterThread: Thread started: Carga 250 RPS 1-145
2026-04-10 14:30:27,511 INFO o.a.j.t.JMeterThread: Thread started: Carga 250 RPS 1-146
2026-04-10 14:30:27,611 INFO o.a.j.t.JMeterThread: Thread started: Carga 250 RPS 1-147
2026-04-10 14:30:27,711 INFO o.a.j.t.JMeterThread: Thread started: Carga 250 RPS 1-148
2026-04-10 14:30:27,811 INFO o.a.j.t.JMeterThread: Thread started: Carga 250 RPS 1-149
2026-04-10 14:30:27,911 INFO o.a.j.t.JMeterThread: Thread started: Carga 250 RPS 1-150
2026-04-10 14:30:28,012 INFO o.a.j.t.JMeterThread: Thread started: Carga 250 RPS 1-151
2026-04-10 14:30:28,111 INFO o.a.j.t.JMeterThread: Thread started: Carga 250 RPS 1-152
2026-04-10 14:30:28,212 INFO o.a.j.t.JMeterThread: Thread started: Carga 250 RPS 1-153
2026-04-10 14:30:28,312 INFO o.a.j.t.JMeterThread: Thread started: Carga 250 RPS 1-154
2026-04-10 14:30:28,412 INFO o.a.j.t.JMeterThread: Thread started: Carga 250 RPS 1-155
2026-04-10 14:30:28,513 INFO o.a.j.t.JMeterThread: Thread started: Carga 250 RPS 1-156
2026-04-10 14:30:28,613 INFO o.a.j.t.JMeterThread: Thread started: Carga 250 RPS 1-157
2026-04-10 14:30:28,711 INFO o.a.j.t.JMeterThread: Thread started: Carga 250 RPS 1-158
2026-04-10 14:30:28,812 INFO o.a.j.t.JMeterThread: Thread started: Carga 250 RPS 1-159
2026-04-10 14:30:28,912 INFO o.a.j.t.JMeterThread: Thread started: Carga 250 RPS 1-160
2026-04-10 14:30:29,012 INFO o.a.j.t.JMeterThread: Thread started: Carga 250 RPS 1-161
2026-04-10 14:30:29,112 INFO o.a.j.t.JMeterThread: Thread started: Carga 250 RPS 1-162
2026-04-10 14:30:29,213 INFO o.a.j.t.JMeterThread: Thread started: Carga 250 RPS 1-163
2026-04-10 14:30:29,312 INFO o.a.j.t.JMeterThread: Thread started: Carga 250 RPS 1-164
2026-04-10 14:30:29,411 INFO o.a.j.t.JMeterThread: Thread started: Carga 250 RPS 1-165
2026-04-10 14:30:29,511 INFO o.a.j.t.JMeterThread: Thread started: Carga 250 RPS 1-166
2026-04-10 14:30:29,611 INFO o.a.j.t.JMeterThread: Thread started: Carga 250 RPS 1-167
2026-04-10 14:30:29,712 INFO o.a.j.t.JMeterThread: Thread started: Carga 250 RPS 1-168
2026-04-10 14:30:29,813 INFO o.a.j.t.JMeterThread: Thread started: Carga 250 RPS 1-169
2026-04-10 14:30:29,912 INFO o.a.j.t.JMeterThread: Thread started: Carga 250 RPS 1-170
2026-04-10 14:30:30,005 INFO o.a.j.r.Summariser: summary +   2225 in 00:00:17 =  130.9/s Avg:   616 Min:   494 Max:  1448 Err:   803 (36.09%) Active: 170 Started: 170 Finished: 0
2026-04-10 14:30:30,012 INFO o.a.j.t.JMeterThread: Thread started: Carga 250 RPS 1-171
2026-04-10 14:30:30,112 INFO o.a.j.t.JMeterThread: Thread started: Carga 250 RPS 1-172
2026-04-10 14:30:30,211 INFO o.a.j.t.JMeterThread: Thread started: Carga 250 RPS 1-173
2026-04-10 14:30:30,313 INFO o.a.j.t.JMeterThread: Thread started: Carga 250 RPS 1-174
2026-04-10 14:30:30,412 INFO o.a.j.t.JMeterThread: Thread started: Carga 250 RPS 1-175
2026-04-10 14:30:30,511 INFO o.a.j.t.JMeterThread: Thread started: Carga 250 RPS 1-176
2026-04-10 14:30:30,612 INFO o.a.j.t.JMeterThread: Thread started: Carga 250 RPS 1-177
2026-04-10 14:30:30,712 INFO o.a.j.t.JMeterThread: Thread started: Carga 250 RPS 1-178
2026-04-10 14:30:30,812 INFO o.a.j.t.JMeterThread: Thread started: Carga 250 RPS 1-179
2026-04-10 14:30:30,912 INFO o.a.j.t.JMeterThread: Thread started: Carga 250 RPS 1-180
2026-04-10 14:30:31,011 INFO o.a.j.t.JMeterThread: Thread started: Carga 250 RPS 1-181
2026-04-10 14:30:31,111 INFO o.a.j.t.JMeterThread: Thread started: Carga 250 RPS 1-182
2026-04-10 14:30:31,211 INFO o.a.j.t.JMeterThread: Thread started: Carga 250 RPS 1-183
2026-04-10 14:30:31,312 INFO o.a.j.t.JMeterThread: Thread started: Carga 250 RPS 1-184
2026-04-10 14:30:31,412 INFO o.a.j.t.JMeterThread: Thread started: Carga 250 RPS 1-185
2026-04-10 14:30:31,511 INFO o.a.j.t.JMeterThread: Thread started: Carga 250 RPS 1-186
2026-04-10 14:30:31,611 INFO o.a.j.t.JMeterThread: Thread started: Carga 250 RPS 1-187
2026-04-10 14:30:31,711 INFO o.a.j.t.JMeterThread: Thread started: Carga 250 RPS 1-188
2026-04-10 14:30:31,811 INFO o.a.j.t.JMeterThread: Thread started: Carga 250 RPS 1-189
2026-04-10 14:30:31,912 INFO o.a.j.t.JMeterThread: Thread started: Carga 250 RPS 1-190
2026-04-10 14:30:32,012 INFO o.a.j.t.JMeterThread: Thread started: Carga 250 RPS 1-191
2026-04-10 14:30:32,111 INFO o.a.j.t.JMeterThread: Thread started: Carga 250 RPS 1-192
2026-04-10 14:30:32,211 INFO o.a.j.t.JMeterThread: Thread started: Carga 250 RPS 1-193
2026-04-10 14:30:32,311 INFO o.a.j.t.JMeterThread: Thread started: Carga 250 RPS 1-194
2026-04-10 14:30:32,413 INFO o.a.j.t.JMeterThread: Thread started: Carga 250 RPS 1-195
2026-04-10 14:30:32,513 INFO o.a.j.t.JMeterThread: Thread started: Carga 250 RPS 1-196
2026-04-10 14:30:32,612 INFO o.a.j.t.JMeterThread: Thread started: Carga 250 RPS 1-197
2026-04-10 14:30:32,712 INFO o.a.j.t.JMeterThread: Thread started: Carga 250 RPS 1-198
2026-04-10 14:30:32,811 INFO o.a.j.t.JMeterThread: Thread started: Carga 250 RPS 1-199
2026-04-10 14:30:32,913 INFO o.a.j.t.JMeterThread: Thread started: Carga 250 RPS 1-200
2026-04-10 14:31:00,015 INFO o.a.j.r.Summariser: summary +   7158 in 00:00:30 =  238.5/s Avg:   723 Min:   497 Max:  2598 Err:  2393 (33.43%) Active: 200 Started: 200 Finished: 0
2026-04-10 14:31:00,015 INFO o.a.j.r.Summariser: summary =   9383 in 00:00:47 =  199.6/s Avg:   698 Min:   494 Max:  2598 Err:  3196 (34.06%)
2026-04-10 14:31:30,012 INFO o.a.j.r.Summariser: summary +   7164 in 00:00:30 =  238.8/s Avg:   726 Min:   498 Max:  2297 Err:  2391 (33.38%) Active: 200 Started: 200 Finished: 0
2026-04-10 14:31:30,012 INFO o.a.j.r.Summariser: summary =  16547 in 00:01:17 =  214.9/s Avg:   710 Min:   494 Max:  2598 Err:  5587 (33.76%)
2026-04-10 14:32:00,004 INFO o.a.j.r.Summariser: summary +   7172 in 00:00:30 =  239.1/s Avg:   724 Min:   495 Max:  2436 Err:  2397 (33.42%) Active: 200 Started: 200 Finished: 0
2026-04-10 14:32:00,004 INFO o.a.j.r.Summariser: summary =  23719 in 00:01:47 =  221.7/s Avg:   714 Min:   494 Max:  2598 Err:  7984 (33.66%)
2026-04-10 14:32:12,782 INFO o.a.j.t.JMeterThread: Thread finished: Carga 250 RPS 1-124
2026-04-10 14:32:12,814 INFO o.a.j.t.JMeterThread: Thread finished: Carga 250 RPS 1-113
2026-04-10 14:32:12,845 INFO o.a.j.t.JMeterThread: Thread finished: Carga 250 RPS 1-74
2026-04-10 14:32:12,845 INFO o.a.j.t.JMeterThread: Thread finished: Carga 250 RPS 1-35
2026-04-10 14:32:12,845 INFO o.a.j.t.JMeterThread: Thread finished: Carga 250 RPS 1-23
2026-04-10 14:32:12,877 INFO o.a.j.t.JMeterThread: Thread finished: Carga 250 RPS 1-137
2026-04-10 14:32:12,882 INFO o.a.j.t.JMeterThread: Thread finished: Carga 250 RPS 1-185
2026-04-10 14:32:12,887 INFO o.a.j.t.JMeterThread: Thread finished: Carga 250 RPS 1-158
2026-04-10 14:32:12,892 INFO o.a.j.t.JMeterThread: Thread finished: Carga 250 RPS 1-11
2026-04-10 14:32:12,914 INFO o.a.j.t.JMeterThread: Thread finished: Carga 250 RPS 1-38
2026-04-10 14:32:12,930 INFO o.a.j.t.JMeterThread: Thread finished: Carga 250 RPS 1-65
2026-04-10 14:32:12,930 INFO o.a.j.t.JMeterThread: Thread finished: Carga 250 RPS 1-92
2026-04-10 14:32:12,930 INFO o.a.j.t.JMeterThread: Thread finished: Carga 250 RPS 1-43
2026-04-10 14:32:12,945 INFO o.a.j.t.JMeterThread: Thread finished: Carga 250 RPS 1-73
2026-04-10 14:32:12,945 INFO o.a.j.t.JMeterThread: Thread finished: Carga 250 RPS 1-53
2026-04-10 14:32:12,953 INFO o.a.j.t.JMeterThread: Thread finished: Carga 250 RPS 1-129
2026-04-10 14:32:12,961 INFO o.a.j.t.JMeterThread: Thread finished: Carga 250 RPS 1-108
2026-04-10 14:32:12,961 INFO o.a.j.t.JMeterThread: Thread finished: Carga 250 RPS 1-111
2026-04-10 14:32:12,961 INFO o.a.j.t.JMeterThread: Thread finished: Carga 250 RPS 1-39
2026-04-10 14:32:12,981 INFO o.a.j.t.JMeterThread: Thread finished: Carga 250 RPS 1-114
2026-04-10 14:32:12,982 INFO o.a.j.t.JMeterThread: Thread finished: Carga 250 RPS 1-3
2026-04-10 14:32:13,003 INFO o.a.j.t.JMeterThread: Thread finished: Carga 250 RPS 1-157
2026-04-10 14:32:13,006 INFO o.a.j.t.JMeterThread: Thread finished: Carga 250 RPS 1-82
2026-04-10 14:32:13,007 INFO o.a.j.t.JMeterThread: Thread finished: Carga 250 RPS 1-147
2026-04-10 14:32:13,011 INFO o.a.j.t.JMeterThread: Thread finished: Carga 250 RPS 1-8
2026-04-10 14:32:13,013 INFO o.a.j.t.JMeterThread: Thread finished: Carga 250 RPS 1-196
2026-04-10 14:32:13,029 INFO o.a.j.t.JMeterThread: Thread finished: Carga 250 RPS 1-166
2026-04-10 14:32:13,029 INFO o.a.j.t.JMeterThread: Thread finished: Carga 250 RPS 1-122
2026-04-10 14:32:13,029 INFO o.a.j.t.JMeterThread: Stopping because end time detected by thread: Carga 250 RPS 1-15
2026-04-10 14:32:13,029 INFO o.a.j.t.JMeterThread: Thread finished: Carga 250 RPS 1-15
2026-04-10 14:32:13,060 INFO o.a.j.t.JMeterThread: Stopping because end time detected by thread: Carga 250 RPS 1-42
2026-04-10 14:32:13,060 INFO o.a.j.t.JMeterThread: Thread finished: Carga 250 RPS 1-42
2026-04-10 14:32:13,060 INFO o.a.j.t.JMeterThread: Stopping because end time detected by thread: Carga 250 RPS 1-138
2026-04-10 14:32:13,060 INFO o.a.j.t.JMeterThread: Thread finished: Carga 250 RPS 1-138
2026-04-10 14:32:13,060 INFO o.a.j.t.JMeterThread: Stopping because end time detected by thread: Carga 250 RPS 1-156
2026-04-10 14:32:13,060 INFO o.a.j.t.JMeterThread: Thread finished: Carga 250 RPS 1-156
2026-04-10 14:32:13,060 INFO o.a.j.t.JMeterThread: Stopping because end time detected by thread: Carga 250 RPS 1-56
2026-04-10 14:32:13,060 INFO o.a.j.t.JMeterThread: Thread finished: Carga 250 RPS 1-56
2026-04-10 14:32:13,060 INFO o.a.j.t.JMeterThread: Stopping because end time detected by thread: Carga 250 RPS 1-183
2026-04-10 14:32:13,060 INFO o.a.j.t.JMeterThread: Thread finished: Carga 250 RPS 1-183
2026-04-10 14:32:13,060 INFO o.a.j.t.JMeterThread: Stopping because end time detected by thread: Carga 250 RPS 1-13
2026-04-10 14:32:13,060 INFO o.a.j.t.JMeterThread: Thread finished: Carga 250 RPS 1-13
2026-04-10 14:32:13,077 INFO o.a.j.t.JMeterThread: Stopping because end time detected by thread: Carga 250 RPS 1-149
2026-04-10 14:32:13,077 INFO o.a.j.t.JMeterThread: Thread finished: Carga 250 RPS 1-149
2026-04-10 14:32:13,078 INFO o.a.j.t.JMeterThread: Stopping because end time detected by thread: Carga 250 RPS 1-18
2026-04-10 14:32:13,078 INFO o.a.j.t.JMeterThread: Thread finished: Carga 250 RPS 1-18
2026-04-10 14:32:13,078 INFO o.a.j.t.JMeterThread: Stopping because end time detected by thread: Carga 250 RPS 1-116
2026-04-10 14:32:13,078 INFO o.a.j.t.JMeterThread: Thread finished: Carga 250 RPS 1-116
2026-04-10 14:32:13,083 INFO o.a.j.t.JMeterThread: Stopping because end time detected by thread: Carga 250 RPS 1-81
2026-04-10 14:32:13,083 INFO o.a.j.t.JMeterThread: Thread finished: Carga 250 RPS 1-81
2026-04-10 14:32:13,090 INFO o.a.j.t.JMeterThread: Stopping because end time detected by thread: Carga 250 RPS 1-34
2026-04-10 14:32:13,090 INFO o.a.j.t.JMeterThread: Thread finished: Carga 250 RPS 1-34
2026-04-10 14:32:13,093 INFO o.a.j.t.JMeterThread: Stopping because end time detected by thread: Carga 250 RPS 1-24
2026-04-10 14:32:13,093 INFO o.a.j.t.JMeterThread: Thread finished: Carga 250 RPS 1-24
2026-04-10 14:32:13,094 INFO o.a.j.t.JMeterThread: Stopping because end time detected by thread: Carga 250 RPS 1-60
2026-04-10 14:32:13,094 INFO o.a.j.t.JMeterThread: Thread finished: Carga 250 RPS 1-60
2026-04-10 14:32:13,098 INFO o.a.j.t.JMeterThread: Stopping because end time detected by thread: Carga 250 RPS 1-87
2026-04-10 14:32:13,098 INFO o.a.j.t.JMeterThread: Thread finished: Carga 250 RPS 1-87
2026-04-10 14:32:13,104 INFO o.a.j.t.JMeterThread: Stopping because end time detected by thread: Carga 250 RPS 1-58
2026-04-10 14:32:13,104 INFO o.a.j.t.JMeterThread: Thread finished: Carga 250 RPS 1-58
2026-04-10 14:32:13,109 INFO o.a.j.t.JMeterThread: Stopping because end time detected by thread: Carga 250 RPS 1-5
2026-04-10 14:32:13,109 INFO o.a.j.t.JMeterThread: Thread finished: Carga 250 RPS 1-5
2026-04-10 14:32:13,109 INFO o.a.j.t.JMeterThread: Stopping because end time detected by thread: Carga 250 RPS 1-71
2026-04-10 14:32:13,109 INFO o.a.j.t.JMeterThread: Thread finished: Carga 250 RPS 1-71
2026-04-10 14:32:13,111 INFO o.a.j.t.JMeterThread: Stopping because end time detected by thread: Carga 250 RPS 1-194
2026-04-10 14:32:13,111 INFO o.a.j.t.JMeterThread: Thread finished: Carga 250 RPS 1-194
2026-04-10 14:32:13,113 INFO o.a.j.t.JMeterThread: Stopping because end time detected by thread: Carga 250 RPS 1-139
2026-04-10 14:32:13,113 INFO o.a.j.t.JMeterThread: Thread finished: Carga 250 RPS 1-139
2026-04-10 14:32:13,113 INFO o.a.j.t.JMeterThread: Stopping because end time detected by thread: Carga 250 RPS 1-9
2026-04-10 14:32:13,113 INFO o.a.j.t.JMeterThread: Thread finished: Carga 250 RPS 1-9
2026-04-10 14:32:13,113 INFO o.a.j.t.JMeterThread: Stopping because end time detected by thread: Carga 250 RPS 1-27
2026-04-10 14:32:13,113 INFO o.a.j.t.JMeterThread: Thread finished: Carga 250 RPS 1-27
2026-04-10 14:32:13,113 INFO o.a.j.t.JMeterThread: Stopping because end time detected by thread: Carga 250 RPS 1-83
2026-04-10 14:32:13,113 INFO o.a.j.t.JMeterThread: Thread finished: Carga 250 RPS 1-83
2026-04-10 14:32:13,113 INFO o.a.j.t.JMeterThread: Stopping because end time detected by thread: Carga 250 RPS 1-168
2026-04-10 14:32:13,113 INFO o.a.j.t.JMeterThread: Thread finished: Carga 250 RPS 1-168
2026-04-10 14:32:13,145 INFO o.a.j.t.JMeterThread: Stopping because end time detected by thread: Carga 250 RPS 1-70
2026-04-10 14:32:13,145 INFO o.a.j.t.JMeterThread: Thread finished: Carga 250 RPS 1-70
2026-04-10 14:32:13,145 INFO o.a.j.t.JMeterThread: Stopping because end time detected by thread: Carga 250 RPS 1-182
2026-04-10 14:32:13,145 INFO o.a.j.t.JMeterThread: Thread finished: Carga 250 RPS 1-182
2026-04-10 14:32:13,145 INFO o.a.j.t.JMeterThread: Stopping because end time detected by thread: Carga 250 RPS 1-118
2026-04-10 14:32:13,145 INFO o.a.j.t.JMeterThread: Thread finished: Carga 250 RPS 1-118
2026-04-10 14:32:13,145 INFO o.a.j.t.JMeterThread: Stopping because end time detected by thread: Carga 250 RPS 1-57
2026-04-10 14:32:13,145 INFO o.a.j.t.JMeterThread: Thread finished: Carga 250 RPS 1-57
2026-04-10 14:32:13,161 INFO o.a.j.t.JMeterThread: Stopping because end time detected by thread: Carga 250 RPS 1-143
2026-04-10 14:32:13,161 INFO o.a.j.t.JMeterThread: Thread finished: Carga 250 RPS 1-143
2026-04-10 14:32:13,169 INFO o.a.j.t.JMeterThread: Stopping because end time detected by thread: Carga 250 RPS 1-66
2026-04-10 14:32:13,169 INFO o.a.j.t.JMeterThread: Thread finished: Carga 250 RPS 1-66
2026-04-10 14:32:13,176 INFO o.a.j.t.JMeterThread: Stopping because end time detected by thread: Carga 250 RPS 1-145
2026-04-10 14:32:13,176 INFO o.a.j.t.JMeterThread: Thread finished: Carga 250 RPS 1-145
2026-04-10 14:32:13,182 INFO o.a.j.t.JMeterThread: Stopping because end time detected by thread: Carga 250 RPS 1-25
2026-04-10 14:32:13,182 INFO o.a.j.t.JMeterThread: Thread finished: Carga 250 RPS 1-25
2026-04-10 14:32:13,182 INFO o.a.j.t.JMeterThread: Stopping because end time detected by thread: Carga 250 RPS 1-127
2026-04-10 14:32:13,182 INFO o.a.j.t.JMeterThread: Thread finished: Carga 250 RPS 1-127
2026-04-10 14:32:13,182 INFO o.a.j.t.JMeterThread: Stopping because end time detected by thread: Carga 250 RPS 1-26
2026-04-10 14:32:13,182 INFO o.a.j.t.JMeterThread: Thread finished: Carga 250 RPS 1-26
2026-04-10 14:32:13,182 INFO o.a.j.t.JMeterThread: Stopping because end time detected by thread: Carga 250 RPS 1-135
2026-04-10 14:32:13,182 INFO o.a.j.t.JMeterThread: Thread finished: Carga 250 RPS 1-135
2026-04-10 14:32:13,197 INFO o.a.j.t.JMeterThread: Stopping because end time detected by thread: Carga 250 RPS 1-192
2026-04-10 14:32:13,197 INFO o.a.j.t.JMeterThread: Thread finished: Carga 250 RPS 1-192
2026-04-10 14:32:13,197 INFO o.a.j.t.JMeterThread: Stopping because end time detected by thread: Carga 250 RPS 1-100
2026-04-10 14:32:13,197 INFO o.a.j.t.JMeterThread: Thread finished: Carga 250 RPS 1-100
2026-04-10 14:32:13,197 INFO o.a.j.t.JMeterThread: Stopping because end time detected by thread: Carga 250 RPS 1-6
2026-04-10 14:32:13,197 INFO o.a.j.t.JMeterThread: Thread finished: Carga 250 RPS 1-6
2026-04-10 14:32:13,213 INFO o.a.j.t.JMeterThread: Stopping because end time detected by thread: Carga 250 RPS 1-4
2026-04-10 14:32:13,213 INFO o.a.j.t.JMeterThread: Thread finished: Carga 250 RPS 1-4
2026-04-10 14:32:13,213 INFO o.a.j.t.JMeterThread: Stopping because end time detected by thread: Carga 250 RPS 1-46
2026-04-10 14:32:13,213 INFO o.a.j.t.JMeterThread: Thread finished: Carga 250 RPS 1-46
2026-04-10 14:32:13,229 INFO o.a.j.t.JMeterThread: Stopping because end time detected by thread: Carga 250 RPS 1-64
2026-04-10 14:32:13,229 INFO o.a.j.t.JMeterThread: Thread finished: Carga 250 RPS 1-64
2026-04-10 14:32:13,229 INFO o.a.j.t.JMeterThread: Stopping because end time detected by thread: Carga 250 RPS 1-178
2026-04-10 14:32:13,229 INFO o.a.j.t.JMeterThread: Thread finished: Carga 250 RPS 1-178
2026-04-10 14:32:13,229 INFO o.a.j.t.JMeterThread: Stopping because end time detected by thread: Carga 250 RPS 1-99
2026-04-10 14:32:13,229 INFO o.a.j.t.JMeterThread: Thread finished: Carga 250 RPS 1-99
2026-04-10 14:32:13,229 INFO o.a.j.t.JMeterThread: Stopping because end time detected by thread: Carga 250 RPS 1-50
2026-04-10 14:32:13,229 INFO o.a.j.t.JMeterThread: Thread finished: Carga 250 RPS 1-50
2026-04-10 14:32:13,229 INFO o.a.j.t.JMeterThread: Stopping because end time detected by thread: Carga 250 RPS 1-163
2026-04-10 14:32:13,229 INFO o.a.j.t.JMeterThread: Thread finished: Carga 250 RPS 1-163
2026-04-10 14:32:13,229 INFO o.a.j.t.JMeterThread: Stopping because end time detected by thread: Carga 250 RPS 1-150
2026-04-10 14:32:13,229 INFO o.a.j.t.JMeterThread: Thread finished: Carga 250 RPS 1-150
2026-04-10 14:32:13,229 INFO o.a.j.t.JMeterThread: Stopping because end time detected by thread: Carga 250 RPS 1-62
2026-04-10 14:32:13,229 INFO o.a.j.t.JMeterThread: Thread finished: Carga 250 RPS 1-62
2026-04-10 14:32:13,245 INFO o.a.j.t.JMeterThread: Stopping because end time detected by thread: Carga 250 RPS 1-90
2026-04-10 14:32:13,245 INFO o.a.j.t.JMeterThread: Thread finished: Carga 250 RPS 1-90
2026-04-10 14:32:13,245 INFO o.a.j.t.JMeterThread: Stopping because end time detected by thread: Carga 250 RPS 1-68
2026-04-10 14:32:13,245 INFO o.a.j.t.JMeterThread: Thread finished: Carga 250 RPS 1-68
2026-04-10 14:32:13,261 INFO o.a.j.t.JMeterThread: Stopping because end time detected by thread: Carga 250 RPS 1-107
2026-04-10 14:32:13,261 INFO o.a.j.t.JMeterThread: Thread finished: Carga 250 RPS 1-107
2026-04-10 14:32:13,261 INFO o.a.j.t.JMeterThread: Stopping because end time detected by thread: Carga 250 RPS 1-162
2026-04-10 14:32:13,261 INFO o.a.j.t.JMeterThread: Thread finished: Carga 250 RPS 1-162
2026-04-10 14:32:13,261 INFO o.a.j.t.JMeterThread: Stopping because end time detected by thread: Carga 250 RPS 1-54
2026-04-10 14:32:13,261 INFO o.a.j.t.JMeterThread: Thread finished: Carga 250 RPS 1-54
2026-04-10 14:32:13,261 INFO o.a.j.t.JMeterThread: Stopping because end time detected by thread: Carga 250 RPS 1-132
2026-04-10 14:32:13,261 INFO o.a.j.t.JMeterThread: Stopping because end time detected by thread: Carga 250 RPS 1-164
2026-04-10 14:32:13,261 INFO o.a.j.t.JMeterThread: Thread finished: Carga 250 RPS 1-132
2026-04-10 14:32:13,261 INFO o.a.j.t.JMeterThread: Thread finished: Carga 250 RPS 1-164
2026-04-10 14:32:13,261 INFO o.a.j.t.JMeterThread: Stopping because end time detected by thread: Carga 250 RPS 1-86
2026-04-10 14:32:13,261 INFO o.a.j.t.JMeterThread: Thread finished: Carga 250 RPS 1-86
2026-04-10 14:32:13,261 INFO o.a.j.t.JMeterThread: Stopping because end time detected by thread: Carga 250 RPS 1-85
2026-04-10 14:32:13,261 INFO o.a.j.t.JMeterThread: Thread finished: Carga 250 RPS 1-85
2026-04-10 14:32:13,261 INFO o.a.j.t.JMeterThread: Stopping because end time detected by thread: Carga 250 RPS 1-52
2026-04-10 14:32:13,261 INFO o.a.j.t.JMeterThread: Thread finished: Carga 250 RPS 1-52
2026-04-10 14:32:13,261 INFO o.a.j.t.JMeterThread: Stopping because end time detected by thread: Carga 250 RPS 1-109
2026-04-10 14:32:13,261 INFO o.a.j.t.JMeterThread: Thread finished: Carga 250 RPS 1-109
2026-04-10 14:32:13,276 INFO o.a.j.t.JMeterThread: Stopping because end time detected by thread: Carga 250 RPS 1-170
2026-04-10 14:32:13,276 INFO o.a.j.t.JMeterThread: Thread finished: Carga 250 RPS 1-170
2026-04-10 14:32:13,276 INFO o.a.j.t.JMeterThread: Stopping because end time detected by thread: Carga 250 RPS 1-55
2026-04-10 14:32:13,276 INFO o.a.j.t.JMeterThread: Thread finished: Carga 250 RPS 1-55
2026-04-10 14:32:13,292 INFO o.a.j.t.JMeterThread: Stopping because end time detected by thread: Carga 250 RPS 1-28
2026-04-10 14:32:13,292 INFO o.a.j.t.JMeterThread: Thread finished: Carga 250 RPS 1-28
2026-04-10 14:32:13,292 INFO o.a.j.t.JMeterThread: Stopping because end time detected by thread: Carga 250 RPS 1-155
2026-04-10 14:32:13,292 INFO o.a.j.t.JMeterThread: Thread finished: Carga 250 RPS 1-155
2026-04-10 14:32:13,292 INFO o.a.j.t.JMeterThread: Stopping because end time detected by thread: Carga 250 RPS 1-172
2026-04-10 14:32:13,292 INFO o.a.j.t.JMeterThread: Thread finished: Carga 250 RPS 1-172
2026-04-10 14:32:13,292 INFO o.a.j.t.JMeterThread: Stopping because end time detected by thread: Carga 250 RPS 1-78
2026-04-10 14:32:13,292 INFO o.a.j.t.JMeterThread: Thread finished: Carga 250 RPS 1-78
2026-04-10 14:32:13,292 INFO o.a.j.t.JMeterThread: Stopping because end time detected by thread: Carga 250 RPS 1-36
2026-04-10 14:32:13,292 INFO o.a.j.t.JMeterThread: Thread finished: Carga 250 RPS 1-36
2026-04-10 14:32:13,308 INFO o.a.j.t.JMeterThread: Stopping because end time detected by thread: Carga 250 RPS 1-12
2026-04-10 14:32:13,308 INFO o.a.j.t.JMeterThread: Thread finished: Carga 250 RPS 1-12
2026-04-10 14:32:13,308 INFO o.a.j.t.JMeterThread: Stopping because end time detected by thread: Carga 250 RPS 1-2
2026-04-10 14:32:13,308 INFO o.a.j.t.JMeterThread: Thread finished: Carga 250 RPS 1-2
2026-04-10 14:32:13,323 INFO o.a.j.t.JMeterThread: Stopping because end time detected by thread: Carga 250 RPS 1-91
2026-04-10 14:32:13,323 INFO o.a.j.t.JMeterThread: Thread finished: Carga 250 RPS 1-91
2026-04-10 14:32:13,339 INFO o.a.j.t.JMeterThread: Stopping because end time detected by thread: Carga 250 RPS 1-96
2026-04-10 14:32:13,339 INFO o.a.j.t.JMeterThread: Thread finished: Carga 250 RPS 1-96
2026-04-10 14:32:13,339 INFO o.a.j.t.JMeterThread: Stopping because end time detected by thread: Carga 250 RPS 1-80
2026-04-10 14:32:13,339 INFO o.a.j.t.JMeterThread: Thread finished: Carga 250 RPS 1-80
2026-04-10 14:32:13,339 INFO o.a.j.t.JMeterThread: Stopping because end time detected by thread: Carga 250 RPS 1-98
2026-04-10 14:32:13,339 INFO o.a.j.t.JMeterThread: Thread finished: Carga 250 RPS 1-98
2026-04-10 14:32:13,339 INFO o.a.j.t.JMeterThread: Stopping because end time detected by thread: Carga 250 RPS 1-16
2026-04-10 14:32:13,339 INFO o.a.j.t.JMeterThread: Thread finished: Carga 250 RPS 1-16
2026-04-10 14:32:13,339 INFO o.a.j.t.JMeterThread: Stopping because end time detected by thread: Carga 250 RPS 1-88
2026-04-10 14:32:13,339 INFO o.a.j.t.JMeterThread: Thread finished: Carga 250 RPS 1-88
2026-04-10 14:32:13,339 INFO o.a.j.t.JMeterThread: Stopping because end time detected by thread: Carga 250 RPS 1-160
2026-04-10 14:32:13,339 INFO o.a.j.t.JMeterThread: Thread finished: Carga 250 RPS 1-160
2026-04-10 14:32:13,355 INFO o.a.j.t.JMeterThread: Stopping because end time detected by thread: Carga 250 RPS 1-1
2026-04-10 14:32:13,355 INFO o.a.j.t.JMeterThread: Thread finished: Carga 250 RPS 1-1
2026-04-10 14:32:13,355 INFO o.a.j.t.JMeterThread: Stopping because end time detected by thread: Carga 250 RPS 1-19
2026-04-10 14:32:13,355 INFO o.a.j.t.JMeterThread: Thread finished: Carga 250 RPS 1-19
2026-04-10 14:32:13,355 INFO o.a.j.t.JMeterThread: Stopping because end time detected by thread: Carga 250 RPS 1-175
2026-04-10 14:32:13,355 INFO o.a.j.t.JMeterThread: Thread finished: Carga 250 RPS 1-175
2026-04-10 14:32:13,355 INFO o.a.j.t.JMeterThread: Stopping because end time detected by thread: Carga 250 RPS 1-123
2026-04-10 14:32:13,355 INFO o.a.j.t.JMeterThread: Thread finished: Carga 250 RPS 1-123
2026-04-10 14:32:13,355 INFO o.a.j.t.JMeterThread: Stopping because end time detected by thread: Carga 250 RPS 1-177
2026-04-10 14:32:13,355 INFO o.a.j.t.JMeterThread: Stopping because end time detected by thread: Carga 250 RPS 1-48
2026-04-10 14:32:13,355 INFO o.a.j.t.JMeterThread: Thread finished: Carga 250 RPS 1-177
2026-04-10 14:32:13,355 INFO o.a.j.t.JMeterThread: Thread finished: Carga 250 RPS 1-48
2026-04-10 14:32:13,355 INFO o.a.j.t.JMeterThread: Stopping because end time detected by thread: Carga 250 RPS 1-77
2026-04-10 14:32:13,355 INFO o.a.j.t.JMeterThread: Thread finished: Carga 250 RPS 1-77
2026-04-10 14:32:13,355 INFO o.a.j.t.JMeterThread: Stopping because end time detected by thread: Carga 250 RPS 1-165
2026-04-10 14:32:13,371 INFO o.a.j.t.JMeterThread: Thread finished: Carga 250 RPS 1-165
2026-04-10 14:32:13,371 INFO o.a.j.t.JMeterThread: Stopping because end time detected by thread: Carga 250 RPS 1-21
2026-04-10 14:32:13,371 INFO o.a.j.t.JMeterThread: Thread finished: Carga 250 RPS 1-21
2026-04-10 14:32:13,371 INFO o.a.j.t.JMeterThread: Stopping because end time detected by thread: Carga 250 RPS 1-45
2026-04-10 14:32:13,371 INFO o.a.j.t.JMeterThread: Thread finished: Carga 250 RPS 1-45
2026-04-10 14:32:13,371 INFO o.a.j.t.JMeterThread: Stopping because end time detected by thread: Carga 250 RPS 1-199
2026-04-10 14:32:13,371 INFO o.a.j.t.JMeterThread: Thread finished: Carga 250 RPS 1-199
2026-04-10 14:32:13,371 INFO o.a.j.t.JMeterThread: Stopping because end time detected by thread: Carga 250 RPS 1-72
2026-04-10 14:32:13,371 INFO o.a.j.t.JMeterThread: Thread finished: Carga 250 RPS 1-72
2026-04-10 14:32:13,371 INFO o.a.j.t.JMeterThread: Stopping because end time detected by thread: Carga 250 RPS 1-20
2026-04-10 14:32:13,371 INFO o.a.j.t.JMeterThread: Thread finished: Carga 250 RPS 1-20
2026-04-10 14:32:13,371 INFO o.a.j.t.JMeterThread: Stopping because end time detected by thread: Carga 250 RPS 1-30
2026-04-10 14:32:13,371 INFO o.a.j.t.JMeterThread: Thread finished: Carga 250 RPS 1-30
2026-04-10 14:32:13,371 INFO o.a.j.t.JMeterThread: Stopping because end time detected by thread: Carga 250 RPS 1-186
2026-04-10 14:32:13,371 INFO o.a.j.t.JMeterThread: Thread finished: Carga 250 RPS 1-186
2026-04-10 14:32:13,371 INFO o.a.j.t.JMeterThread: Stopping because end time detected by thread: Carga 250 RPS 1-115
2026-04-10 14:32:13,371 INFO o.a.j.t.JMeterThread: Thread finished: Carga 250 RPS 1-115
2026-04-10 14:32:13,371 INFO o.a.j.t.JMeterThread: Stopping because end time detected by thread: Carga 250 RPS 1-93
2026-04-10 14:32:13,371 INFO o.a.j.t.JMeterThread: Stopping because end time detected by thread: Carga 250 RPS 1-169
2026-04-10 14:32:13,371 INFO o.a.j.t.JMeterThread: Thread finished: Carga 250 RPS 1-93
2026-04-10 14:32:13,371 INFO o.a.j.t.JMeterThread: Thread finished: Carga 250 RPS 1-169
2026-04-10 14:32:13,371 INFO o.a.j.t.JMeterThread: Stopping because end time detected by thread: Carga 250 RPS 1-103
2026-04-10 14:32:13,371 INFO o.a.j.t.JMeterThread: Thread finished: Carga 250 RPS 1-103
2026-04-10 14:32:13,371 INFO o.a.j.t.JMeterThread: Stopping because end time detected by thread: Carga 250 RPS 1-76
2026-04-10 14:32:13,371 INFO o.a.j.t.JMeterThread: Thread finished: Carga 250 RPS 1-76
2026-04-10 14:32:13,371 INFO o.a.j.t.JMeterThread: Stopping because end time detected by thread: Carga 250 RPS 1-106
2026-04-10 14:32:13,371 INFO o.a.j.t.JMeterThread: Thread finished: Carga 250 RPS 1-106
2026-04-10 14:32:13,371 INFO o.a.j.t.JMeterThread: Stopping because end time detected by thread: Carga 250 RPS 1-110
2026-04-10 14:32:13,371 INFO o.a.j.t.JMeterThread: Thread finished: Carga 250 RPS 1-110
2026-04-10 14:32:13,386 INFO o.a.j.t.JMeterThread: Stopping because end time detected by thread: Carga 250 RPS 1-84
2026-04-10 14:32:13,386 INFO o.a.j.t.JMeterThread: Thread finished: Carga 250 RPS 1-84
2026-04-10 14:32:13,386 INFO o.a.j.t.JMeterThread: Stopping because end time detected by thread: Carga 250 RPS 1-40
2026-04-10 14:32:13,386 INFO o.a.j.t.JMeterThread: Thread finished: Carga 250 RPS 1-40
2026-04-10 14:32:13,386 INFO o.a.j.t.JMeterThread: Stopping because end time detected by thread: Carga 250 RPS 1-171
2026-04-10 14:32:13,386 INFO o.a.j.t.JMeterThread: Thread finished: Carga 250 RPS 1-171
2026-04-10 14:32:13,386 INFO o.a.j.t.JMeterThread: Stopping because end time detected by thread: Carga 250 RPS 1-190
2026-04-10 14:32:13,386 INFO o.a.j.t.JMeterThread: Thread finished: Carga 250 RPS 1-190
2026-04-10 14:32:13,402 INFO o.a.j.t.JMeterThread: Stopping because end time detected by thread: Carga 250 RPS 1-49
2026-04-10 14:32:13,402 INFO o.a.j.t.JMeterThread: Thread finished: Carga 250 RPS 1-49
2026-04-10 14:32:13,402 INFO o.a.j.t.JMeterThread: Stopping because end time detected by thread: Carga 250 RPS 1-63
2026-04-10 14:32:13,402 INFO o.a.j.t.JMeterThread: Thread finished: Carga 250 RPS 1-63
2026-04-10 14:32:13,402 INFO o.a.j.t.JMeterThread: Stopping because end time detected by thread: Carga 250 RPS 1-151
2026-04-10 14:32:13,402 INFO o.a.j.t.JMeterThread: Thread finished: Carga 250 RPS 1-151
2026-04-10 14:32:13,402 INFO o.a.j.t.JMeterThread: Stopping because end time detected by thread: Carga 250 RPS 1-136
2026-04-10 14:32:13,402 INFO o.a.j.t.JMeterThread: Thread finished: Carga 250 RPS 1-136
2026-04-10 14:32:13,418 INFO o.a.j.t.JMeterThread: Stopping because end time detected by thread: Carga 250 RPS 1-47
2026-04-10 14:32:13,418 INFO o.a.j.t.JMeterThread: Thread finished: Carga 250 RPS 1-47
2026-04-10 14:32:13,418 INFO o.a.j.t.JMeterThread: Stopping because end time detected by thread: Carga 250 RPS 1-197
2026-04-10 14:32:13,418 INFO o.a.j.t.JMeterThread: Thread finished: Carga 250 RPS 1-197
2026-04-10 14:32:13,418 INFO o.a.j.t.JMeterThread: Stopping because end time detected by thread: Carga 250 RPS 1-187
2026-04-10 14:32:13,418 INFO o.a.j.t.JMeterThread: Thread finished: Carga 250 RPS 1-187
2026-04-10 14:32:13,418 INFO o.a.j.t.JMeterThread: Stopping because end time detected by thread: Carga 250 RPS 1-152
2026-04-10 14:32:13,418 INFO o.a.j.t.JMeterThread: Thread finished: Carga 250 RPS 1-152
2026-04-10 14:32:13,434 INFO o.a.j.t.JMeterThread: Stopping because end time detected by thread: Carga 250 RPS 1-102
2026-04-10 14:32:13,434 INFO o.a.j.t.JMeterThread: Thread finished: Carga 250 RPS 1-102
2026-04-10 14:32:13,434 INFO o.a.j.t.JMeterThread: Stopping because end time detected by thread: Carga 250 RPS 1-195
2026-04-10 14:32:13,434 INFO o.a.j.t.JMeterThread: Thread finished: Carga 250 RPS 1-195
2026-04-10 14:32:13,434 INFO o.a.j.t.JMeterThread: Stopping because end time detected by thread: Carga 250 RPS 1-181
2026-04-10 14:32:13,434 INFO o.a.j.t.JMeterThread: Thread finished: Carga 250 RPS 1-181
2026-04-10 14:32:13,434 INFO o.a.j.t.JMeterThread: Stopping because end time detected by thread: Carga 250 RPS 1-193
2026-04-10 14:32:13,434 INFO o.a.j.t.JMeterThread: Thread finished: Carga 250 RPS 1-193
2026-04-10 14:32:13,434 INFO o.a.j.t.JMeterThread: Stopping because end time detected by thread: Carga 250 RPS 1-174
2026-04-10 14:32:13,434 INFO o.a.j.t.JMeterThread: Thread finished: Carga 250 RPS 1-174
2026-04-10 14:32:13,434 INFO o.a.j.t.JMeterThread: Stopping because end time detected by thread: Carga 250 RPS 1-104
2026-04-10 14:32:13,434 INFO o.a.j.t.JMeterThread: Thread finished: Carga 250 RPS 1-104
2026-04-10 14:32:13,449 INFO o.a.j.t.JMeterThread: Stopping because end time detected by thread: Carga 250 RPS 1-119
2026-04-10 14:32:13,449 INFO o.a.j.t.JMeterThread: Thread finished: Carga 250 RPS 1-119
2026-04-10 14:32:13,449 INFO o.a.j.t.JMeterThread: Stopping because end time detected by thread: Carga 250 RPS 1-69
2026-04-10 14:32:13,449 INFO o.a.j.t.JMeterThread: Thread finished: Carga 250 RPS 1-69
2026-04-10 14:32:13,449 INFO o.a.j.t.JMeterThread: Stopping because end time detected by thread: Carga 250 RPS 1-126
2026-04-10 14:32:13,449 INFO o.a.j.t.JMeterThread: Thread finished: Carga 250 RPS 1-126
2026-04-10 14:32:13,449 INFO o.a.j.t.JMeterThread: Stopping because end time detected by thread: Carga 250 RPS 1-167
2026-04-10 14:32:13,449 INFO o.a.j.t.JMeterThread: Thread finished: Carga 250 RPS 1-167
2026-04-10 14:32:13,449 INFO o.a.j.t.JMeterThread: Stopping because end time detected by thread: Carga 250 RPS 1-198
2026-04-10 14:32:13,449 INFO o.a.j.t.JMeterThread: Thread finished: Carga 250 RPS 1-198
2026-04-10 14:32:13,465 INFO o.a.j.t.JMeterThread: Stopping because end time detected by thread: Carga 250 RPS 1-184
2026-04-10 14:32:13,465 INFO o.a.j.t.JMeterThread: Thread finished: Carga 250 RPS 1-184
2026-04-10 14:32:13,465 INFO o.a.j.t.JMeterThread: Stopping because end time detected by thread: Carga 250 RPS 1-105
2026-04-10 14:32:13,465 INFO o.a.j.t.JMeterThread: Thread finished: Carga 250 RPS 1-105
2026-04-10 14:32:13,465 INFO o.a.j.t.JMeterThread: Stopping because end time detected by thread: Carga 250 RPS 1-130
2026-04-10 14:32:13,465 INFO o.a.j.t.JMeterThread: Thread finished: Carga 250 RPS 1-130
2026-04-10 14:32:13,481 INFO o.a.j.t.JMeterThread: Stopping because end time detected by thread: Carga 250 RPS 1-32
2026-04-10 14:32:13,481 INFO o.a.j.t.JMeterThread: Thread finished: Carga 250 RPS 1-32
2026-04-10 14:32:13,481 INFO o.a.j.t.JMeterThread: Stopping because end time detected by thread: Carga 250 RPS 1-41
2026-04-10 14:32:13,481 INFO o.a.j.t.JMeterThread: Thread finished: Carga 250 RPS 1-41
2026-04-10 14:32:13,481 INFO o.a.j.t.JMeterThread: Stopping because end time detected by thread: Carga 250 RPS 1-120
2026-04-10 14:32:13,481 INFO o.a.j.t.JMeterThread: Thread finished: Carga 250 RPS 1-120
2026-04-10 14:32:13,481 INFO o.a.j.t.JMeterThread: Stopping because end time detected by thread: Carga 250 RPS 1-75
2026-04-10 14:32:13,481 INFO o.a.j.t.JMeterThread: Thread finished: Carga 250 RPS 1-75
2026-04-10 14:32:13,481 INFO o.a.j.t.JMeterThread: Stopping because end time detected by thread: Carga 250 RPS 1-61
2026-04-10 14:32:13,481 INFO o.a.j.t.JMeterThread: Thread finished: Carga 250 RPS 1-61
2026-04-10 14:32:13,497 INFO o.a.j.t.JMeterThread: Stopping because end time detected by thread: Carga 250 RPS 1-89
2026-04-10 14:32:13,497 INFO o.a.j.t.JMeterThread: Thread finished: Carga 250 RPS 1-89
2026-04-10 14:32:13,497 INFO o.a.j.t.JMeterThread: Stopping because end time detected by thread: Carga 250 RPS 1-142
2026-04-10 14:32:13,497 INFO o.a.j.t.JMeterThread: Thread finished: Carga 250 RPS 1-142
2026-04-10 14:32:13,497 INFO o.a.j.t.JMeterThread: Stopping because end time detected by thread: Carga 250 RPS 1-200
2026-04-10 14:32:13,497 INFO o.a.j.t.JMeterThread: Thread finished: Carga 250 RPS 1-200
2026-04-10 14:32:13,497 INFO o.a.j.t.JMeterThread: Stopping because end time detected by thread: Carga 250 RPS 1-95
2026-04-10 14:32:13,497 INFO o.a.j.t.JMeterThread: Thread finished: Carga 250 RPS 1-95
2026-04-10 14:32:13,512 INFO o.a.j.t.JMeterThread: Stopping because end time detected by thread: Carga 250 RPS 1-112
2026-04-10 14:32:13,512 INFO o.a.j.t.JMeterThread: Thread finished: Carga 250 RPS 1-112
2026-04-10 14:32:13,512 INFO o.a.j.t.JMeterThread: Stopping because end time detected by thread: Carga 250 RPS 1-180
2026-04-10 14:32:13,512 INFO o.a.j.t.JMeterThread: Thread finished: Carga 250 RPS 1-180
2026-04-10 14:32:13,512 INFO o.a.j.t.JMeterThread: Stopping because end time detected by thread: Carga 250 RPS 1-148
2026-04-10 14:32:13,512 INFO o.a.j.t.JMeterThread: Thread finished: Carga 250 RPS 1-148
2026-04-10 14:32:13,534 INFO o.a.j.t.JMeterThread: Stopping because end time detected by thread: Carga 250 RPS 1-10
2026-04-10 14:32:13,534 INFO o.a.j.t.JMeterThread: Thread finished: Carga 250 RPS 1-10
2026-04-10 14:32:13,535 INFO o.a.j.t.JMeterThread: Stopping because end time detected by thread: Carga 250 RPS 1-22
2026-04-10 14:32:13,535 INFO o.a.j.t.JMeterThread: Thread finished: Carga 250 RPS 1-22
2026-04-10 14:32:13,535 INFO o.a.j.t.JMeterThread: Stopping because end time detected by thread: Carga 250 RPS 1-67
2026-04-10 14:32:13,535 INFO o.a.j.t.JMeterThread: Thread finished: Carga 250 RPS 1-67
2026-04-10 14:32:13,536 INFO o.a.j.t.JMeterThread: Stopping because end time detected by thread: Carga 250 RPS 1-17
2026-04-10 14:32:13,536 INFO o.a.j.t.JMeterThread: Thread finished: Carga 250 RPS 1-17
2026-04-10 14:32:13,537 INFO o.a.j.t.JMeterThread: Stopping because end time detected by thread: Carga 250 RPS 1-79
2026-04-10 14:32:13,537 INFO o.a.j.t.JMeterThread: Thread finished: Carga 250 RPS 1-79
2026-04-10 14:32:13,537 INFO o.a.j.t.JMeterThread: Stopping because end time detected by thread: Carga 250 RPS 1-14
2026-04-10 14:32:13,537 INFO o.a.j.t.JMeterThread: Thread finished: Carga 250 RPS 1-14
2026-04-10 14:32:13,539 INFO o.a.j.t.JMeterThread: Stopping because end time detected by thread: Carga 250 RPS 1-101
2026-04-10 14:32:13,539 INFO o.a.j.t.JMeterThread: Thread finished: Carga 250 RPS 1-101
2026-04-10 14:32:13,540 INFO o.a.j.t.JMeterThread: Stopping because end time detected by thread: Carga 250 RPS 1-44
2026-04-10 14:32:13,540 INFO o.a.j.t.JMeterThread: Thread finished: Carga 250 RPS 1-44
2026-04-10 14:32:13,541 INFO o.a.j.t.JMeterThread: Stopping because end time detected by thread: Carga 250 RPS 1-141
2026-04-10 14:32:13,541 INFO o.a.j.t.JMeterThread: Thread finished: Carga 250 RPS 1-141
2026-04-10 14:32:13,543 INFO o.a.j.t.JMeterThread: Stopping because end time detected by thread: Carga 250 RPS 1-191
2026-04-10 14:32:13,543 INFO o.a.j.t.JMeterThread: Thread finished: Carga 250 RPS 1-191
2026-04-10 14:32:13,551 INFO o.a.j.t.JMeterThread: Stopping because end time detected by thread: Carga 250 RPS 1-7
2026-04-10 14:32:13,551 INFO o.a.j.t.JMeterThread: Thread finished: Carga 250 RPS 1-7
2026-04-10 14:32:13,552 INFO o.a.j.t.JMeterThread: Stopping because end time detected by thread: Carga 250 RPS 1-131
2026-04-10 14:32:13,552 INFO o.a.j.t.JMeterThread: Thread finished: Carga 250 RPS 1-131
2026-04-10 14:32:13,553 INFO o.a.j.t.JMeterThread: Stopping because end time detected by thread: Carga 250 RPS 1-33
2026-04-10 14:32:13,553 INFO o.a.j.t.JMeterThread: Thread finished: Carga 250 RPS 1-33
2026-04-10 14:32:13,557 INFO o.a.j.t.JMeterThread: Stopping because end time detected by thread: Carga 250 RPS 1-94
2026-04-10 14:32:13,557 INFO o.a.j.t.JMeterThread: Thread finished: Carga 250 RPS 1-94
2026-04-10 14:32:13,560 INFO o.a.j.t.JMeterThread: Stopping because end time detected by thread: Carga 250 RPS 1-146
2026-04-10 14:32:13,560 INFO o.a.j.t.JMeterThread: Thread finished: Carga 250 RPS 1-146
2026-04-10 14:32:13,563 INFO o.a.j.t.JMeterThread: Stopping because end time detected by thread: Carga 250 RPS 1-51
2026-04-10 14:32:13,563 INFO o.a.j.t.JMeterThread: Thread finished: Carga 250 RPS 1-51
2026-04-10 14:32:13,563 INFO o.a.j.t.JMeterThread: Stopping because end time detected by thread: Carga 250 RPS 1-97
2026-04-10 14:32:13,563 INFO o.a.j.t.JMeterThread: Thread finished: Carga 250 RPS 1-97
2026-04-10 14:32:13,563 INFO o.a.j.t.JMeterThread: Stopping because end time detected by thread: Carga 250 RPS 1-133
2026-04-10 14:32:13,563 INFO o.a.j.t.JMeterThread: Thread finished: Carga 250 RPS 1-133
2026-04-10 14:32:13,563 INFO o.a.j.t.JMeterThread: Stopping because end time detected by thread: Carga 250 RPS 1-117
2026-04-10 14:32:13,563 INFO o.a.j.t.JMeterThread: Thread finished: Carga 250 RPS 1-117
2026-04-10 14:32:13,579 INFO o.a.j.t.JMeterThread: Stopping because end time detected by thread: Carga 250 RPS 1-159
2026-04-10 14:32:13,579 INFO o.a.j.t.JMeterThread: Thread finished: Carga 250 RPS 1-159
2026-04-10 14:32:13,579 INFO o.a.j.t.JMeterThread: Stopping because end time detected by thread: Carga 250 RPS 1-128
2026-04-10 14:32:13,579 INFO o.a.j.t.JMeterThread: Thread finished: Carga 250 RPS 1-128
2026-04-10 14:32:13,579 INFO o.a.j.t.JMeterThread: Stopping because end time detected by thread: Carga 250 RPS 1-173
2026-04-10 14:32:13,579 INFO o.a.j.t.JMeterThread: Thread finished: Carga 250 RPS 1-173
2026-04-10 14:32:13,579 INFO o.a.j.t.JMeterThread: Stopping because end time detected by thread: Carga 250 RPS 1-188
2026-04-10 14:32:13,579 INFO o.a.j.t.JMeterThread: Thread finished: Carga 250 RPS 1-188
2026-04-10 14:32:13,611 INFO o.a.j.t.JMeterThread: Stopping because end time detected by thread: Carga 250 RPS 1-29
2026-04-10 14:32:13,611 INFO o.a.j.t.JMeterThread: Thread finished: Carga 250 RPS 1-29
2026-04-10 14:32:13,611 INFO o.a.j.t.JMeterThread: Stopping because end time detected by thread: Carga 250 RPS 1-189
2026-04-10 14:32:13,611 INFO o.a.j.t.JMeterThread: Thread finished: Carga 250 RPS 1-189
2026-04-10 14:32:13,611 INFO o.a.j.t.JMeterThread: Stopping because end time detected by thread: Carga 250 RPS 1-144
2026-04-10 14:32:13,611 INFO o.a.j.t.JMeterThread: Thread finished: Carga 250 RPS 1-144
2026-04-10 14:32:13,611 INFO o.a.j.t.JMeterThread: Stopping because end time detected by thread: Carga 250 RPS 1-121
2026-04-10 14:32:13,611 INFO o.a.j.t.JMeterThread: Thread finished: Carga 250 RPS 1-121
2026-04-10 14:32:13,639 INFO o.a.j.t.JMeterThread: Stopping because end time detected by thread: Carga 250 RPS 1-161
2026-04-10 14:32:13,639 INFO o.a.j.t.JMeterThread: Thread finished: Carga 250 RPS 1-161
2026-04-10 14:32:13,655 INFO o.a.j.t.JMeterThread: Stopping because end time detected by thread: Carga 250 RPS 1-125
2026-04-10 14:32:13,655 INFO o.a.j.t.JMeterThread: Thread finished: Carga 250 RPS 1-125
2026-04-10 14:32:13,664 INFO o.a.j.t.JMeterThread: Stopping because end time detected by thread: Carga 250 RPS 1-31
2026-04-10 14:32:13,664 INFO o.a.j.t.JMeterThread: Thread finished: Carga 250 RPS 1-31
2026-04-10 14:32:13,680 INFO o.a.j.t.JMeterThread: Stopping because end time detected by thread: Carga 250 RPS 1-37
2026-04-10 14:32:13,680 INFO o.a.j.t.JMeterThread: Thread finished: Carga 250 RPS 1-37
2026-04-10 14:32:13,779 INFO o.a.j.t.JMeterThread: Stopping because end time detected by thread: Carga 250 RPS 1-59
2026-04-10 14:32:13,779 INFO o.a.j.t.JMeterThread: Thread finished: Carga 250 RPS 1-59
2026-04-10 14:32:13,795 INFO o.a.j.t.JMeterThread: Stopping because end time detected by thread: Carga 250 RPS 1-134
2026-04-10 14:32:13,795 INFO o.a.j.t.JMeterThread: Thread finished: Carga 250 RPS 1-134
2026-04-10 14:32:13,863 INFO o.a.j.t.JMeterThread: Stopping because end time detected by thread: Carga 250 RPS 1-179
2026-04-10 14:32:13,863 INFO o.a.j.t.JMeterThread: Thread finished: Carga 250 RPS 1-179
2026-04-10 14:32:13,863 INFO o.a.j.t.JMeterThread: Stopping because end time detected by thread: Carga 250 RPS 1-140
2026-04-10 14:32:13,863 INFO o.a.j.t.JMeterThread: Thread finished: Carga 250 RPS 1-140
2026-04-10 14:32:13,879 INFO o.a.j.t.JMeterThread: Stopping because end time detected by thread: Carga 250 RPS 1-176
2026-04-10 14:32:13,879 INFO o.a.j.t.JMeterThread: Thread finished: Carga 250 RPS 1-176
2026-04-10 14:32:14,022 INFO o.a.j.t.JMeterThread: Stopping because end time detected by thread: Carga 250 RPS 1-153
2026-04-10 14:32:14,022 INFO o.a.j.t.JMeterThread: Thread finished: Carga 250 RPS 1-153
2026-04-10 14:32:14,069 INFO o.a.j.t.JMeterThread: Stopping because end time detected by thread: Carga 250 RPS 1-154
2026-04-10 14:32:14,069 INFO o.a.j.t.JMeterThread: Thread finished: Carga 250 RPS 1-154
2026-04-10 14:32:14,069 INFO o.a.j.e.StandardJMeterEngine: Notifying test listeners of end of test
2026-04-10 14:32:14,069 INFO o.a.j.r.Summariser: summary +   3279 in 00:00:14 =  233.1/s Avg:   736 Min:   502 Max:  2252 Err:  1091 (33.27%) Active: 0 Started: 200 Finished: 200
2026-04-10 14:32:14,069 INFO o.a.j.r.Summariser: summary =  26998 in 00:02:01 =  223.0/s Avg:   717 Min:   494 Max:  2598 Err:  9075 (33.61%)
2026-04-10 14:32:14,069 INFO o.a.j.JMeter: Generating Dashboard
2026-04-10 14:32:14,069 INFO o.a.j.r.d.ReportGenerator: Flushing result collector before report Generation
2026-04-10 14:32:14,085 INFO o.a.j.r.p.NormalizerSampleConsumer: Using format, 'ms', to parse timeStamp field
2026-04-10 14:32:14,618 INFO o.a.j.r.p.AbstractSampleConsumer: class org.apache.jmeter.report.processor.AggregateConsumer#stopProducing(): beginDate produced 0 samples
2026-04-10 14:32:14,618 INFO o.a.j.r.p.AbstractSampleConsumer: class org.apache.jmeter.report.processor.AggregateConsumer#stopProducing(): endDate produced 0 samples
2026-04-10 14:32:14,618 INFO o.a.j.r.p.AbstractSampleConsumer: class org.apache.jmeter.report.processor.ApdexSummaryConsumer#stopProducing(): apdexSummary produced 0 samples
2026-04-10 14:32:14,618 INFO o.a.j.r.p.AbstractSampleConsumer: class org.apache.jmeter.report.processor.RequestsSummaryConsumer#stopProducing(): requestsSummary produced 0 samples
2026-04-10 14:32:14,620 INFO o.a.j.r.p.AbstractSampleConsumer: class org.apache.jmeter.report.processor.StatisticsSummaryConsumer#stopProducing(): statisticsSummary produced 0 samples
2026-04-10 14:32:14,620 INFO o.a.j.r.p.AbstractSampleConsumer: class org.apache.jmeter.report.processor.Top5ErrorsBySamplerConsumer#stopProducing(): top5ErrorsBySampler produced 0 samples
2026-04-10 14:32:14,620 INFO o.a.j.r.p.AbstractSampleConsumer: class org.apache.jmeter.report.processor.ErrorsSummaryConsumer#stopProducing(): errorsSummary produced 0 samples
2026-04-10 14:32:14,620 INFO o.a.j.r.p.AbstractSampleConsumer: class org.apache.jmeter.report.processor.graph.impl.HitsPerSecondGraphConsumer#stopProducing(): hitsPerSecond produced 0 samples
2026-04-10 14:32:14,728 INFO o.a.j.r.p.AbstractSampleConsumer: class org.apache.jmeter.report.processor.graph.impl.LatencyVSRequestGraphConsumer#stopProducing(): latencyVsRequest produced 0 samples
2026-04-10 14:32:14,739 INFO o.a.j.r.p.AbstractSampleConsumer: class org.apache.jmeter.report.processor.graph.impl.SyntheticResponseTimeDistributionGraphConsumer#stopProducing(): syntheticResponseTimeDistribution produced 0 samples
2026-04-10 14:32:14,739 INFO o.a.j.r.p.AbstractSampleConsumer: class org.apache.jmeter.report.processor.graph.impl.BytesThroughputGraphConsumer#stopProducing(): bytesThroughputOverTime produced 0 samples
2026-04-10 14:32:14,739 INFO o.a.j.r.p.AbstractSampleConsumer: class org.apache.jmeter.report.processor.graph.impl.CodesPerSecondGraphConsumer#stopProducing(): codesPerSecond produced 0 samples
2026-04-10 14:32:14,813 INFO o.a.j.r.p.AbstractSampleConsumer: class org.apache.jmeter.report.processor.graph.impl.ResponseTimeVSRequestGraphConsumer#stopProducing(): responseTimeVsRequest produced 0 samples
2026-04-10 14:32:14,813 INFO o.a.j.r.p.AbstractSampleConsumer: class org.apache.jmeter.report.processor.FilterConsumer#stopProducing(): startIntervalControlerFilter produced 188986 samples
2026-04-10 14:32:14,813 INFO o.a.j.r.p.AbstractSampleConsumer: class org.apache.jmeter.report.processor.graph.impl.TotalTPSGraphConsumer#stopProducing(): totalTPS produced 0 samples
2026-04-10 14:32:14,813 INFO o.a.j.r.p.AbstractSampleConsumer: class org.apache.jmeter.report.processor.graph.impl.ActiveThreadsGraphConsumer#stopProducing(): activeThreadsOverTime produced 0 samples
2026-04-10 14:32:14,813 INFO o.a.j.r.p.AbstractSampleConsumer: class org.apache.jmeter.report.processor.graph.impl.TimeVSThreadGraphConsumer#stopProducing(): timeVsThreads produced 0 samples
2026-04-10 14:32:14,813 INFO o.a.j.r.p.AbstractSampleConsumer: class org.apache.jmeter.report.processor.graph.impl.ResponseTimeDistributionGraphConsumer#stopProducing(): responseTimeDistribution produced 0 samples
2026-04-10 14:32:14,813 INFO o.a.j.r.p.AbstractSampleConsumer: class org.apache.jmeter.report.processor.graph.impl.TransactionsPerSecondGraphConsumer#stopProducing(): transactionsPerSecond produced 0 samples
2026-04-10 14:32:14,813 INFO o.a.j.r.p.AbstractSampleConsumer: class org.apache.jmeter.report.processor.graph.impl.ResponseTimePercentilesGraphConsumer#stopProducing(): responseTimePercentiles produced 0 samples
2026-04-10 14:32:14,822 INFO o.a.j.r.p.AbstractSampleConsumer: class org.apache.jmeter.report.processor.graph.impl.ResponseTimePercentilesOverTimeGraphConsumer#stopProducing(): responseTimePercentilesOverTime produced 0 samples
2026-04-10 14:32:14,822 INFO o.a.j.r.p.AbstractSampleConsumer: class org.apache.jmeter.report.processor.graph.impl.ResponseTimeOverTimeGraphConsumer#stopProducing(): responseTimesOverTime produced 0 samples
2026-04-10 14:32:14,822 INFO o.a.j.r.p.AbstractSampleConsumer: class org.apache.jmeter.report.processor.graph.impl.ConnectTimeOverTimeGraphConsumer#stopProducing(): connectTimeOverTime produced 0 samples
2026-04-10 14:32:14,822 INFO o.a.j.r.p.AbstractSampleConsumer: class org.apache.jmeter.report.processor.graph.impl.LatencyOverTimeGraphConsumer#stopProducing(): latenciesOverTime produced 0 samples
2026-04-10 14:32:14,822 INFO o.a.j.r.p.AbstractSampleConsumer: class org.apache.jmeter.report.processor.FilterConsumer#stopProducing(): nameFilter produced 404970 samples
2026-04-10 14:32:14,822 INFO o.a.j.r.p.AbstractSampleConsumer: class org.apache.jmeter.report.processor.FilterConsumer#stopProducing(): dateRangeFilter produced 80994 samples
2026-04-10 14:32:14,822 INFO o.a.j.r.p.AbstractSampleConsumer: class org.apache.jmeter.report.processor.NormalizerSampleConsumer#stopProducing(): normalizer produced 26998 samples
2026-04-10 14:32:14,822 INFO o.a.j.r.p.CsvFileSampleSource: produce(): 26998 samples produced in 721ms on channel 0
2026-04-10 14:32:14,822 INFO o.a.j.r.d.ReportGenerator: Exporting data using exporter:'json' of className:'org.apache.jmeter.report.dashboard.JsonExporter'
2026-04-10 14:32:14,880 INFO o.a.j.r.d.JsonExporter: Found data for consumer statisticsSummary in context
2026-04-10 14:32:14,880 INFO o.a.j.r.d.JsonExporter: Creating statistics for overall
2026-04-10 14:32:14,880 INFO o.a.j.r.d.JsonExporter: Creating statistics for other transactions
2026-04-10 14:32:14,880 INFO o.a.j.r.d.JsonExporter: Checking output folder
2026-04-10 14:32:14,880 INFO o.a.j.r.d.JsonExporter: Writing statistics JSON to C:\Users\natan\OneDrive\Desktop\blazedemo-performance-test\report\statistics.json
2026-04-10 14:32:14,908 INFO o.a.j.r.d.ReportGenerator: Exporting data using exporter:'html' of className:'org.apache.jmeter.report.dashboard.HtmlTemplateExporter'
2026-04-10 14:32:14,924 INFO o.a.j.r.d.HtmlTemplateExporter: Will generate dashboard in folder: C:\Users\natan\OneDrive\Desktop\blazedemo-performance-test\report
2026-04-10 14:32:14,987 INFO o.a.j.r.d.HtmlTemplateExporter: Report will be generated in: C:\Users\natan\OneDrive\Desktop\blazedemo-performance-test\report, creating folder structure
2026-04-10 14:32:14,987 INFO o.a.j.r.d.TemplateVisitor: Copying folder from 'C:\Users\natan\Downloads\apache-jmeter-5.6.3\apache-jmeter-5.6.3\bin\report-template' to 'C:\Users\natan\OneDrive\Desktop\blazedemo-performance-test\report', got message: C:\Users\natan\OneDrive\Desktop\blazedemo-performance-test\report, found non empty folder with following content [C:\Users\natan\OneDrive\Desktop\blazedemo-performance-test\report\statistics.json], will be ignored
2026-04-10 14:32:15,317 INFO o.a.j.JMeter: Dashboard generated
