2026-04-10 13:55:54,573 INFO o.a.j.u.JMeterUtils: Setting Locale to en_EN
2026-04-10 13:55:54,582 INFO o.a.j.JMeter: Loading user properties from: C:\Users\natan\Downloads\apache-jmeter-5.6.3\apache-jmeter-5.6.3\bin\user.properties
2026-04-10 13:55:54,582 INFO o.a.j.JMeter: Loading system properties from: C:\Users\natan\Downloads\apache-jmeter-5.6.3\apache-jmeter-5.6.3\bin\system.properties
2026-04-10 13:55:54,586 INFO o.a.j.JMeter: Copyright (c) 1998-2024 The Apache Software Foundation
2026-04-10 13:55:54,586 INFO o.a.j.JMeter: Version 5.6.3
2026-04-10 13:55:54,586 INFO o.a.j.JMeter: java.version=25.0.2
2026-04-10 13:55:54,586 INFO o.a.j.JMeter: java.vm.name=OpenJDK 64-Bit Server VM
2026-04-10 13:55:54,586 INFO o.a.j.JMeter: os.name=Windows 11
2026-04-10 13:55:54,587 INFO o.a.j.JMeter: os.arch=amd64
2026-04-10 13:55:54,587 INFO o.a.j.JMeter: os.version=10.0
2026-04-10 13:55:54,587 INFO o.a.j.JMeter: file.encoding=UTF-8
2026-04-10 13:55:54,587 INFO o.a.j.JMeter: java.awt.headless=true
2026-04-10 13:55:54,587 INFO o.a.j.JMeter: Max memory     =1073741824
2026-04-10 13:55:54,587 INFO o.a.j.JMeter: Available Processors =12
2026-04-10 13:55:54,595 INFO o.a.j.JMeter: Default Locale=English (EN)
2026-04-10 13:55:54,595 INFO o.a.j.JMeter: JMeter  Locale=English (EN)
2026-04-10 13:55:54,595 INFO o.a.j.JMeter: JMeterHome=C:\Users\natan\Downloads\apache-jmeter-5.6.3\apache-jmeter-5.6.3
2026-04-10 13:55:54,595 INFO o.a.j.JMeter: user.dir  =C:\Users\natan\OneDrive\Desktop\blazedemo-performance-test
2026-04-10 13:55:54,596 INFO o.a.j.JMeter: PWD       =C:\Users\natan\OneDrive\Desktop\blazedemo-performance-test
2026-04-10 13:55:54,596 INFO o.a.j.JMeter: IP: 192.168.15.115 Name: Tampico FullName: Tampico
2026-04-10 13:55:54,603 INFO o.a.j.JMeter: Setting property 'jmeter.reportgenerator.outputdir' to:'C:\Users\natan\OneDrive\Desktop\blazedemo-performance-test\report'
2026-04-10 13:55:54,605 INFO o.a.j.s.FileServer: Default base='C:\Users\natan\OneDrive\Desktop\blazedemo-performance-test'
2026-04-10 13:55:54,605 INFO o.a.j.s.FileServer: Set new base='C:\Users\natan\OneDrive\Desktop\blazedemo-performance-test\scripts'
2026-04-10 13:55:54,764 INFO o.a.j.s.SaveService: Testplan (JMX) version: 2.2. Testlog (JTL) version: 2.2
2026-04-10 13:55:54,775 INFO o.a.j.s.SaveService: Using SaveService properties version 5.0
2026-04-10 13:55:54,777 INFO o.a.j.s.SaveService: Using SaveService properties file encoding UTF-8
2026-04-10 13:55:54,779 INFO o.a.j.s.SaveService: Loading file: scripts\TestPlan.jmx
2026-04-10 13:55:54,806 INFO o.a.j.JMeter: Creating summariser <summary>
2026-04-10 13:55:54,811 INFO o.a.j.r.d.ReportGenerator: ReportGenerator will use for Parsing the separator: ','
2026-04-10 13:55:54,812 ERROR o.a.j.JMeter: Error in NonGUIDriver
java.lang.IllegalArgumentException: Results file:results.jtl is not empty
	at org.apache.jmeter.report.dashboard.ReportGenerator.<init>(ReportGenerator.java:140) ~[ApacheJMeter_core.jar:5.6.3]
	at org.apache.jmeter.JMeter.runNonGui(JMeter.java:1007) [ApacheJMeter_core.jar:5.6.3]
	at org.apache.jmeter.JMeter.startNonGui(JMeter.java:940) [ApacheJMeter_core.jar:5.6.3]
	at org.apache.jmeter.JMeter.start(JMeter.java:508) [ApacheJMeter_core.jar:5.6.3]
	at java.base/jdk.internal.reflect.DirectMethodHandleAccessor.invoke(DirectMethodHandleAccessor.java:104) ~[?:?]
	at java.base/java.lang.reflect.Method.invoke(Method.java:565) ~[?:?]
	at org.apache.jmeter.NewDriver.main(NewDriver.java:259) [ApacheJMeter.jar:5.6.3]
2026-04-10 13:55:54,814 ERROR o.a.j.JMeter: An error occurred: 
org.apache.jmeter.report.config.ConfigurationException: Error in NonGUIDriver Results file:results.jtl is not empty
	at org.apache.jmeter.JMeter.runNonGui(JMeter.java:1049) ~[ApacheJMeter_core.jar:5.6.3]
	at org.apache.jmeter.JMeter.startNonGui(JMeter.java:940) ~[ApacheJMeter_core.jar:5.6.3]
	at org.apache.jmeter.JMeter.start(JMeter.java:508) [ApacheJMeter_core.jar:5.6.3]
	at java.base/jdk.internal.reflect.DirectMethodHandleAccessor.invoke(DirectMethodHandleAccessor.java:104) ~[?:?]
	at java.base/java.lang.reflect.Method.invoke(Method.java:565) ~[?:?]
	at org.apache.jmeter.NewDriver.main(NewDriver.java:259) [ApacheJMeter.jar:5.6.3]
Caused by: java.lang.IllegalArgumentException: Results file:results.jtl is not empty
	at org.apache.jmeter.report.dashboard.ReportGenerator.<init>(ReportGenerator.java:140) ~[ApacheJMeter_core.jar:5.6.3]
	at org.apache.jmeter.JMeter.runNonGui(JMeter.java:1007) ~[ApacheJMeter_core.jar:5.6.3]
	... 5 more
